<?xml version="1.0" encoding="UTF-8"?>
<coverage generated="1771267067321" clover="3.2.0">
  <project timestamp="1771267067321" name="All files">
    <metrics statements="497" coveredstatements="358" conditionals="283" coveredconditionals="167" methods="73" coveredmethods="51" elements="853" coveredelements="576" complexity="0" loc="497" ncloc="497" packages="1" files="5" classes="5"/>
    <file name="generator.js" path="/root/.openclaw/workspace/projects/api-doc-generator/src/generator.js">
      <metrics statements="116" coveredstatements="114" conditionals="23" coveredconditionals="15" methods="5" coveredmethods="5"/>
      <line num="1" count="2" type="stmt"/>
      <line num="2" count="2" type="stmt"/>
      <line num="3" count="2" type="stmt"/>
      <line num="11" count="13" type="stmt"/>
      <line num="24" count="4" type="stmt"/>
      <line num="27" count="4" type="stmt"/>
      <line num="28" count="4" type="stmt"/>
      <line num="31" count="4" type="stmt"/>
      <line num="34" count="4" type="stmt"/>
      <line num="43" count="6" type="stmt"/>
      <line num="44" count="6" type="cond" truecount="1" falsecount="1"/>
      <line num="45" count="6" type="cond" truecount="2" falsecount="0"/>
      <line num="46" count="6" type="cond" truecount="1" falsecount="1"/>
      <line num="47" count="6" type="cond" truecount="2" falsecount="2"/>
      <line num="49" count="6" type="stmt"/>
      <line num="50" count="6" type="stmt"/>
      <line num="51" count="6" type="stmt"/>
      <line num="52" count="6" type="stmt"/>
      <line num="53" count="6" type="stmt"/>
      <line num="54" count="6" type="stmt"/>
      <line num="55" count="6" type="stmt"/>
      <line num="56" count="6" type="stmt"/>
      <line num="57" count="6" type="stmt"/>
      <line num="58" count="6" type="stmt"/>
      <line num="59" count="6" type="stmt"/>
      <line num="60" count="6" type="stmt"/>
      <line num="61" count="6" type="stmt"/>
      <line num="62" count="6" type="stmt"/>
      <line num="63" count="6" type="stmt"/>
      <line num="64" count="6" type="stmt"/>
      <line num="65" count="6" type="stmt"/>
      <line num="66" count="6" type="stmt"/>
      <line num="67" count="6" type="stmt"/>
      <line num="68" count="6" type="stmt"/>
      <line num="69" count="6" type="stmt"/>
      <line num="70" count="6" type="stmt"/>
      <line num="71" count="6" type="stmt"/>
      <line num="72" count="6" type="stmt"/>
      <line num="73" count="6" type="stmt"/>
      <line num="74" count="6" type="stmt"/>
      <line num="75" count="6" type="stmt"/>
      <line num="76" count="6" type="stmt"/>
      <line num="77" count="6" type="stmt"/>
      <line num="78" count="6" type="stmt"/>
      <line num="79" count="6" type="stmt"/>
      <line num="80" count="6" type="stmt"/>
      <line num="81" count="6" type="stmt"/>
      <line num="82" count="6" type="stmt"/>
      <line num="83" count="6" type="stmt"/>
      <line num="84" count="6" type="stmt"/>
      <line num="85" count="6" type="stmt"/>
      <line num="86" count="6" type="stmt"/>
      <line num="87" count="6" type="stmt"/>
      <line num="88" count="6" type="stmt"/>
      <line num="89" count="6" type="stmt"/>
      <line num="90" count="6" type="cond" truecount="2" falsecount="0"/>
      <line num="91" count="6" type="stmt"/>
      <line num="92" count="6" type="stmt"/>
      <line num="93" count="6" type="stmt"/>
      <line num="94" count="6" type="cond" truecount="1" falsecount="1"/>
      <line num="95" count="0" type="stmt"/>
      <line num="97" count="6" type="stmt"/>
      <line num="98" count="6" type="stmt"/>
      <line num="99" count="6" type="stmt"/>
      <line num="100" count="6" type="stmt"/>
      <line num="101" count="6" type="stmt"/>
      <line num="102" count="6" type="stmt"/>
      <line num="103" count="6" type="stmt"/>
      <line num="104" count="6" type="stmt"/>
      <line num="105" count="6" type="stmt"/>
      <line num="106" count="6" type="stmt"/>
      <line num="107" count="6" type="stmt"/>
      <line num="108" count="6" type="stmt"/>
      <line num="109" count="6" type="stmt"/>
      <line num="110" count="6" type="stmt"/>
      <line num="111" count="6" type="stmt"/>
      <line num="112" count="6" type="stmt"/>
      <line num="113" count="6" type="stmt"/>
      <line num="114" count="6" type="stmt"/>
      <line num="115" count="6" type="stmt"/>
      <line num="116" count="6" type="stmt"/>
      <line num="117" count="6" type="stmt"/>
      <line num="118" count="6" type="stmt"/>
      <line num="119" count="6" type="stmt"/>
      <line num="120" count="6" type="stmt"/>
      <line num="121" count="6" type="stmt"/>
      <line num="122" count="6" type="stmt"/>
      <line num="123" count="6" type="stmt"/>
      <line num="124" count="6" type="stmt"/>
      <line num="125" count="6" type="stmt"/>
      <line num="126" count="6" type="stmt"/>
      <line num="127" count="6" type="stmt"/>
      <line num="128" count="6" type="stmt"/>
      <line num="129" count="6" type="stmt"/>
      <line num="130" count="6" type="stmt"/>
      <line num="131" count="6" type="stmt"/>
      <line num="132" count="6" type="stmt"/>
      <line num="133" count="6" type="stmt"/>
      <line num="134" count="6" type="stmt"/>
      <line num="135" count="6" type="stmt"/>
      <line num="136" count="6" type="stmt"/>
      <line num="137" count="6" type="stmt"/>
      <line num="138" count="6" type="stmt"/>
      <line num="140" count="6" type="stmt"/>
      <line num="148" count="4" type="stmt"/>
      <line num="150" count="4" type="stmt"/>
      <line num="158" count="4" type="stmt"/>
      <line num="159" count="20" type="stmt"/>
      <line num="160" count="20" type="stmt"/>
      <line num="162" count="20" type="stmt"/>
      <line num="163" count="20" type="cond" truecount="1" falsecount="1"/>
      <line num="164" count="20" type="stmt"/>
      <line num="167" count="0" type="stmt"/>
      <line num="178" count="18" type="cond" truecount="2" falsecount="0"/>
      <line num="179" count="12" type="stmt"/>
      <line num="188" count="2" type="stmt"/>
    </file>
    <file name="openapi.js" path="/root/.openclaw/workspace/projects/api-doc-generator/src/openapi.js">
      <metrics statements="103" coveredstatements="62" conditionals="91" coveredconditionals="44" methods="19" coveredmethods="15"/>
      <line num="8" count="14" type="stmt"/>
      <line num="23" count="14" type="stmt"/>
      <line num="45" count="14" type="stmt"/>
      <line num="48" count="14" type="stmt"/>
      <line num="49" count="15" type="stmt"/>
      <line num="51" count="15" type="stmt"/>
      <line num="52" count="16" type="stmt"/>
      <line num="53" count="16" type="stmt"/>
      <line num="56" count="16" type="cond" truecount="1" falsecount="1"/>
      <line num="57" count="0" type="stmt"/>
      <line num="63" count="14" type="stmt"/>
      <line num="64" count="14" type="stmt"/>
      <line num="65" count="16" type="cond" truecount="1" falsecount="1"/>
      <line num="66" count="16" type="stmt"/>
      <line num="69" count="14" type="stmt"/>
      <line num="71" count="14" type="stmt"/>
      <line num="80" count="14" type="stmt"/>
      <line num="82" count="14" type="stmt"/>
      <line num="83" count="16" type="stmt"/>
      <line num="84" count="16" type="cond" truecount="2" falsecount="0"/>
      <line num="85" count="15" type="stmt"/>
      <line num="87" count="16" type="stmt"/>
      <line num="90" count="14" type="stmt"/>
      <line num="99" count="16" type="stmt"/>
      <line num="111" count="16" type="stmt"/>
      <line num="114" count="16" type="stmt"/>
      <line num="115" count="3" type="stmt"/>
      <line num="116" count="3" type="cond" truecount="1" falsecount="1"/>
      <line num="118" count="0" type="cond" truecount="0" falsecount="2"/>
      <line num="119" count="0" type="stmt"/>
      <line num="132" count="0" type="stmt"/>
      <line num="137" count="3" type="stmt"/>
      <line num="142" count="16" type="cond" truecount="4" falsecount="0"/>
      <line num="143" count="8" type="stmt"/>
      <line num="144" count="9" type="stmt"/>
      <line num="155" count="8" type="stmt"/>
      <line num="166" count="16" type="cond" truecount="1" falsecount="1"/>
      <line num="167" count="0" type="stmt"/>
      <line num="168" count="0" type="stmt"/>
      <line num="175" count="16" type="stmt"/>
      <line num="184" count="16" type="stmt"/>
      <line num="185" count="16" type="stmt"/>
      <line num="188" count="33" type="cond" truecount="2" falsecount="0"/>
      <line num="189" count="16" type="stmt"/>
      <line num="191" count="16" type="stmt"/>
      <line num="200" count="16" type="stmt"/>
      <line num="202" count="16" type="stmt"/>
      <line num="204" count="16" type="stmt"/>
      <line num="205" count="1" type="stmt"/>
      <line num="207" count="16" type="stmt"/>
      <line num="217" count="3" type="cond" truecount="2" falsecount="0"/>
      <line num="219" count="3" type="stmt"/>
      <line num="235" count="2" type="cond" truecount="1" falsecount="1"/>
      <line num="236" count="0" type="stmt"/>
      <line num="238" count="2" type="cond" truecount="3" falsecount="1"/>
      <line num="239" count="0" type="stmt"/>
      <line num="242" count="2" type="stmt"/>
      <line num="251" count="12" type="cond" truecount="1" falsecount="1"/>
      <line num="253" count="12" type="stmt"/>
      <line num="267" count="12" type="cond" truecount="3" falsecount="1"/>
      <line num="268" count="0" type="stmt"/>
      <line num="272" count="12" type="cond" truecount="1" falsecount="1"/>
      <line num="273" count="0" type="stmt"/>
      <line num="274" count="0" type="cond" truecount="0" falsecount="2"/>
      <line num="277" count="12" type="cond" truecount="1" falsecount="1"/>
      <line num="286" count="12" type="cond" truecount="1" falsecount="1"/>
      <line num="287" count="0" type="stmt"/>
      <line num="291" count="12" type="cond" truecount="1" falsecount="1"/>
      <line num="292" count="0" type="stmt"/>
      <line num="293" count="0" type="stmt"/>
      <line num="300" count="12" type="cond" truecount="2" falsecount="2"/>
      <line num="301" count="0" type="stmt"/>
      <line num="302" count="0" type="stmt"/>
      <line num="309" count="12" type="stmt"/>
      <line num="311" count="12" type="stmt"/>
      <line num="320" count="12" type="cond" truecount="1" falsecount="1"/>
      <line num="321" count="12" type="stmt"/>
      <line num="325" count="0" type="cond" truecount="0" falsecount="4"/>
      <line num="326" count="0" type="stmt"/>
      <line num="327" count="0" type="stmt"/>
      <line num="328" count="0" type="stmt"/>
      <line num="329" count="0" type="stmt"/>
      <line num="331" count="0" type="stmt"/>
      <line num="332" count="0" type="stmt"/>
      <line num="333" count="0" type="cond" truecount="0" falsecount="4"/>
      <line num="334" count="0" type="stmt"/>
      <line num="338" count="0" type="stmt"/>
      <line num="343" count="0" type="stmt"/>
      <line num="348" count="0" type="stmt"/>
      <line num="360" count="0" type="stmt"/>
      <line num="368" count="0" type="cond" truecount="0" falsecount="2"/>
      <line num="377" count="0" type="cond" truecount="0" falsecount="2"/>
      <line num="378" count="0" type="stmt"/>
      <line num="380" count="0" type="cond" truecount="0" falsecount="2"/>
      <line num="381" count="0" type="cond" truecount="0" falsecount="5"/>
      <line num="384" count="0" type="stmt"/>
      <line num="389" count="0" type="stmt"/>
      <line num="391" count="0" type="stmt"/>
      <line num="395" count="0" type="stmt"/>
      <line num="397" count="0" type="stmt"/>
      <line num="402" count="0" type="stmt"/>
      <line num="404" count="0" type="stmt"/>
      <line num="413" count="2" type="stmt"/>
    </file>
    <file name="parser.js" path="/root/.openclaw/workspace/projects/api-doc-generator/src/parser.js">
      <metrics statements="127" coveredstatements="115" conditionals="99" coveredconditionals="71" methods="26" coveredmethods="23"/>
      <line num="1" count="2" type="stmt"/>
      <line num="2" count="2" type="stmt"/>
      <line num="3" count="2" type="stmt"/>
      <line num="4" count="2" type="stmt"/>
      <line num="5" count="2" type="stmt"/>
      <line num="6" count="2" type="stmt"/>
      <line num="13" count="28" type="stmt"/>
      <line num="26" count="16" type="stmt"/>
      <line num="27" count="16" type="stmt"/>
      <line num="29" count="16" type="stmt"/>
      <line num="30" count="16" type="stmt"/>
      <line num="31" count="16" type="stmt"/>
      <line num="32" count="16" type="stmt"/>
      <line num="33" count="16" type="stmt"/>
      <line num="35" count="0" type="stmt"/>
      <line num="39" count="16" type="stmt"/>
      <line num="48" count="19" type="stmt"/>
      <line num="50" count="19" type="cond" truecount="2" falsecount="0"/>
      <line num="52" count="1" type="stmt"/>
      <line num="55" count="18" type="cond" truecount="2" falsecount="0"/>
      <line num="56" count="12" type="stmt"/>
      <line num="59" count="6" type="cond" truecount="1" falsecount="1"/>
      <line num="60" count="6" type="stmt"/>
      <line num="61" count="6" type="stmt"/>
      <line num="62" count="24" type="stmt"/>
      <line num="64" count="6" type="stmt"/>
      <line num="67" count="0" type="stmt"/>
      <line num="77" count="16" type="stmt"/>
      <line num="79" count="16" type="stmt"/>
      <line num="80" count="16" type="stmt"/>
      <line num="97" count="16" type="stmt"/>
      <line num="100" count="18" type="stmt"/>
      <line num="101" count="18" type="cond" truecount="2" falsecount="0"/>
      <line num="105" count="0" type="stmt"/>
      <line num="106" count="0" type="cond" truecount="0" falsecount="2"/>
      <line num="111" count="1" type="stmt"/>
      <line num="112" count="1" type="stmt"/>
      <line num="115" count="1" type="cond" truecount="2" falsecount="2"/>
      <line num="116" count="1" type="stmt"/>
      <line num="117" count="1" type="cond" truecount="1" falsecount="1"/>
      <line num="118" count="1" type="cond" truecount="3" falsecount="1"/>
      <line num="119" count="1" type="stmt"/>
      <line num="121" count="1" type="cond" truecount="3" falsecount="1"/>
      <line num="122" count="1" type="cond" truecount="5" falsecount="1"/>
      <line num="124" count="1" type="stmt"/>
      <line num="130" count="1" type="stmt"/>
      <line num="131" count="1" type="cond" truecount="1" falsecount="1"/>
      <line num="133" count="1" type="cond" truecount="3" falsecount="1"/>
      <line num="134" count="1" type="stmt"/>
      <line num="136" count="1" type="stmt"/>
      <line num="141" count="0" type="stmt"/>
      <line num="142" count="0" type="cond" truecount="0" falsecount="2"/>
      <line num="146" count="0" type="stmt"/>
      <line num="147" count="0" type="cond" truecount="0" falsecount="2"/>
      <line num="151" count="0" type="stmt"/>
      <line num="154" count="16" type="stmt"/>
      <line num="165" count="19" type="cond" truecount="3" falsecount="1"/>
      <line num="166" count="0" type="stmt"/>
      <line num="170" count="19" type="stmt"/>
      <line num="172" count="19" type="cond" truecount="2" falsecount="0"/>
      <line num="174" count="19" type="cond" truecount="1" falsecount="1"/>
      <line num="175" count="0" type="stmt"/>
      <line num="178" count="19" type="stmt"/>
      <line num="179" count="19" type="stmt"/>
      <line num="182" count="20" type="cond" truecount="2" falsecount="0"/>
      <line num="183" count="1" type="stmt"/>
      <line num="187" count="18" type="stmt"/>
      <line num="190" count="18" type="cond" truecount="1" falsecount="1"/>
      <line num="192" count="18" type="stmt"/>
      <line num="198" count="46" type="stmt"/>
      <line num="199" count="46" type="cond" truecount="2" falsecount="0"/>
      <line num="200" count="18" type="stmt"/>
      <line num="201" count="43" type="stmt"/>
      <line num="202" count="46" type="stmt"/>
      <line num="203" count="45" type="stmt"/>
      <line num="205" count="46" type="stmt"/>
      <line num="206" count="2" type="stmt"/>
      <line num="216" count="21" type="stmt"/>
      <line num="217" count="116" type="stmt"/>
      <line num="220" count="21" type="stmt"/>
      <line num="221" count="21" type="stmt"/>
      <line num="222" count="21" type="stmt"/>
      <line num="224" count="21" type="stmt"/>
      <line num="225" count="116" type="cond" truecount="2" falsecount="0"/>
      <line num="226" count="53" type="stmt"/>
      <line num="227" count="53" type="stmt"/>
      <line num="228" count="53" type="cond" truecount="1" falsecount="1"/>
      <line num="229" count="53" type="stmt"/>
      <line num="230" count="53" type="cond" truecount="1" falsecount="1"/>
      <line num="232" count="63" type="cond" truecount="4" falsecount="0"/>
      <line num="233" count="21" type="stmt"/>
      <line num="237" count="21" type="stmt"/>
      <line num="250" count="58" type="stmt"/>
      <line num="259" count="58" type="cond" truecount="2" falsecount="0"/>
      <line num="263" count="12" type="stmt"/>
      <line num="264" count="12" type="cond" truecount="1" falsecount="1"/>
      <line num="265" count="12" type="stmt"/>
      <line num="266" count="12" type="cond" truecount="2" falsecount="0"/>
      <line num="267" count="12" type="stmt"/>
      <line num="268" count="12" type="stmt"/>
      <line num="269" count="12" type="stmt"/>
      <line num="274" count="58" type="cond" truecount="4" falsecount="0"/>
      <line num="275" count="9" type="stmt"/>
      <line num="276" count="9" type="cond" truecount="1" falsecount="1"/>
      <line num="277" count="9" type="stmt"/>
      <line num="278" count="9" type="stmt"/>
      <line num="283" count="58" type="cond" truecount="2" falsecount="0"/>
      <line num="285" count="21" type="stmt"/>
      <line num="286" count="21" type="cond" truecount="1" falsecount="1"/>
      <line num="287" count="21" type="stmt"/>
      <line num="288" count="21" type="stmt"/>
      <line num="289" count="21" type="cond" truecount="2" falsecount="0"/>
      <line num="294" count="58" type="cond" truecount="2" falsecount="0"/>
      <line num="297" count="11" type="stmt"/>
      <line num="298" count="11" type="cond" truecount="1" falsecount="1"/>
      <line num="299" count="11" type="cond" truecount="2" falsecount="0"/>
      <line num="300" count="11" type="stmt"/>
      <line num="301" count="11" type="stmt"/>
      <line num="306" count="58" type="cond" truecount="2" falsecount="0"/>
      <line num="307" count="2" type="cond" truecount="1" falsecount="1"/>
      <line num="310" count="58" type="stmt"/>
      <line num="319" count="18" type="cond" truecount="2" falsecount="0"/>
      <line num="320" count="17" type="stmt"/>
      <line num="322" count="1" type="cond" truecount="1" falsecount="1"/>
      <line num="323" count="0" type="cond" truecount="0" falsecount="2"/>
      <line num="325" count="1" type="stmt"/>
      <line num="329" count="2" type="stmt"/>
    </file>
    <file name="server.js" path="/root/.openclaw/workspace/projects/api-doc-generator/src/server.js">
      <metrics statements="106" coveredstatements="26" conditionals="32" coveredconditionals="4" methods="19" coveredmethods="4"/>
      <line num="1" count="1" type="stmt"/>
      <line num="2" count="1" type="stmt"/>
      <line num="3" count="1" type="stmt"/>
      <line num="4" count="1" type="stmt"/>
      <line num="5" count="1" type="stmt"/>
      <line num="6" count="1" type="stmt"/>
      <line num="7" count="1" type="stmt"/>
      <line num="9" count="1" type="stmt"/>
      <line num="10" count="1" type="stmt"/>
      <line num="11" count="1" type="stmt"/>
      <line num="18" count="7" type="stmt"/>
      <line num="30" count="7" type="stmt"/>
      <line num="31" count="7" type="stmt"/>
      <line num="32" count="7" type="stmt"/>
      <line num="33" count="7" type="stmt"/>
      <line num="34" count="7" type="stmt"/>
      <line num="35" count="7" type="stmt"/>
      <line num="45" count="0" type="stmt"/>
      <line num="48" count="0" type="stmt"/>
      <line num="51" count="0" type="stmt"/>
      <line num="52" count="0" type="stmt"/>
      <line num="60" count="0" type="stmt"/>
      <line num="61" count="0" type="stmt"/>
      <line num="63" count="0" type="stmt"/>
      <line num="64" count="0" type="stmt"/>
      <line num="69" count="0" type="stmt"/>
      <line num="70" count="0" type="stmt"/>
      <line num="71" count="0" type="cond" truecount="0" falsecount="2"/>
      <line num="72" count="0" type="stmt"/>
      <line num="73" count="0" type="stmt"/>
      <line num="76" count="0" type="stmt"/>
      <line num="77" count="0" type="stmt"/>
      <line num="78" count="0" type="stmt"/>
      <line num="79" count="0" type="stmt"/>
      <line num="82" count="0" type="cond" truecount="0" falsecount="2"/>
      <line num="83" count="0" type="stmt"/>
      <line num="87" count="0" type="cond" truecount="0" falsecount="2"/>
      <line num="88" count="0" type="stmt"/>
      <line num="91" count="0" type="stmt"/>
      <line num="101" count="0" type="stmt"/>
      <line num="102" count="0" type="cond" truecount="0" falsecount="2"/>
      <line num="103" count="0" type="stmt"/>
      <line num="105" count="0" type="stmt"/>
      <line num="110" count="0" type="stmt"/>
      <line num="111" count="0" type="cond" truecount="0" falsecount="2"/>
      <line num="115" count="0" type="stmt"/>
      <line num="116" count="0" type="stmt"/>
      <line num="120" count="0" type="stmt"/>
      <line num="121" count="0" type="stmt"/>
      <line num="129" count="3" type="stmt"/>
      <line num="131" count="3" type="stmt"/>
      <line num="261" count="0" type="stmt"/>
      <line num="267" count="0" type="stmt"/>
      <line num="269" count="0" type="stmt"/>
      <line num="270" count="0" type="cond" truecount="0" falsecount="2"/>
      <line num="271" count="0" type="stmt"/>
      <line num="273" count="0" type="stmt"/>
      <line num="274" count="0" type="stmt"/>
      <line num="276" count="0" type="stmt"/>
      <line num="277" count="0" type="stmt"/>
      <line num="280" count="0" type="cond" truecount="0" falsecount="2"/>
      <line num="281" count="0" type="stmt"/>
      <line num="284" count="0" type="stmt"/>
      <line num="286" count="0" type="stmt"/>
      <line num="288" count="0" type="stmt"/>
      <line num="292" count="0" type="stmt"/>
      <line num="293" count="0" type="cond" truecount="0" falsecount="2"/>
      <line num="294" count="0" type="stmt"/>
      <line num="296" count="0" type="stmt"/>
      <line num="298" count="0" type="stmt"/>
      <line num="299" count="0" type="stmt"/>
      <line num="300" count="0" type="cond" truecount="0" falsecount="2"/>
      <line num="301" count="0" type="stmt"/>
      <line num="304" count="0" type="stmt"/>
      <line num="306" count="0" type="stmt"/>
      <line num="310" count="0" type="stmt"/>
      <line num="311" count="0" type="stmt"/>
      <line num="312" count="0" type="stmt"/>
      <line num="313" count="0" type="stmt"/>
      <line num="314" count="0" type="cond" truecount="0" falsecount="2"/>
      <line num="315" count="0" type="stmt"/>
      <line num="318" count="0" type="stmt"/>
      <line num="327" count="5" type="stmt"/>
      <line num="328" count="5" type="stmt"/>
      <line num="330" count="5" type="stmt"/>
      <line num="337" count="5" type="stmt"/>
      <line num="339" count="0" type="stmt"/>
      <line num="340" count="0" type="stmt"/>
      <line num="349" count="0" type="stmt"/>
      <line num="350" count="0" type="stmt"/>
      <line num="353" count="0" type="cond" truecount="0" falsecount="3"/>
      <line num="355" count="0" type="stmt"/>
      <line num="356" count="0" type="stmt"/>
      <line num="358" count="0" type="stmt"/>
      <line num="359" count="0" type="stmt"/>
      <line num="361" count="0" type="stmt"/>
      <line num="364" count="0" type="stmt"/>
      <line num="365" count="0" type="cond" truecount="0" falsecount="2"/>
      <line num="366" count="0" type="stmt"/>
      <line num="375" count="7" type="cond" truecount="1" falsecount="1"/>
      <line num="376" count="0" type="stmt"/>
      <line num="377" count="0" type="stmt"/>
      <line num="379" count="7" type="cond" truecount="1" falsecount="1"/>
      <line num="380" count="0" type="stmt"/>
      <line num="381" count="0" type="stmt"/>
      <line num="386" count="1" type="stmt"/>
    </file>
    <file name="validator.js" path="/root/.openclaw/workspace/projects/api-doc-generator/src/validator.js">
      <metrics statements="45" coveredstatements="41" conditionals="38" coveredconditionals="33" methods="4" coveredmethods="4"/>
      <line num="12" count="2" type="stmt"/>
      <line num="18" count="2" type="stmt"/>
      <line num="19" count="2" type="stmt"/>
      <line num="22" count="2" type="stmt"/>
      <line num="23" count="2" type="stmt"/>
      <line num="33" count="22" type="stmt"/>
      <line num="36" count="22" type="cond" truecount="2" falsecount="0"/>
      <line num="37" count="1" type="stmt"/>
      <line num="42" count="1" type="stmt"/>
      <line num="46" count="21" type="stmt"/>
      <line num="47" count="21" type="cond" truecount="4" falsecount="0"/>
      <line num="48" count="1" type="stmt"/>
      <line num="56" count="21" type="cond" truecount="4" falsecount="0"/>
      <line num="57" count="1" type="stmt"/>
      <line num="65" count="21" type="cond" truecount="1" falsecount="1"/>
      <line num="66" count="0" type="stmt"/>
      <line num="74" count="21" type="stmt"/>
      <line num="77" count="21" type="stmt"/>
      <line num="78" count="2" type="stmt"/>
      <line num="79" count="2" type="cond" truecount="2" falsecount="0"/>
      <line num="80" count="1" type="stmt"/>
      <line num="89" count="21" type="stmt"/>
      <line num="90" count="2" type="cond" truecount="2" falsecount="0"/>
      <line num="91" count="1" type="stmt"/>
      <line num="98" count="2" type="cond" truecount="2" falsecount="2"/>
      <line num="99" count="0" type="stmt"/>
      <line num="108" count="21" type="cond" truecount="2" falsecount="0"/>
      <line num="109" count="2" type="stmt"/>
      <line num="117" count="21" type="stmt"/>
      <line num="118" count="19" type="cond" truecount="4" falsecount="1"/>
      <line num="119" count="0" type="stmt"/>
      <line num="126" count="19" type="cond" truecount="1" falsecount="1"/>
      <line num="127" count="0" type="stmt"/>
      <line num="136" count="21" type="cond" truecount="4" falsecount="0"/>
      <line num="137" count="1" type="stmt"/>
      <line num="145" count="21" type="cond" truecount="2" falsecount="0"/>
      <line num="146" count="6" type="stmt"/>
      <line num="147" count="6" type="cond" truecount="2" falsecount="0"/>
      <line num="148" count="1" type="stmt"/>
      <line num="163" count="21" type="stmt"/>
      <line num="164" count="21" type="stmt"/>
      <line num="166" count="21" type="stmt"/>
      <line num="167" count="2" type="stmt"/>
      <line num="169" count="21" type="stmt"/>
      <line num="172" count="1" type="stmt"/>
    </file>
  </project>
</coverage>
