{"/root/.openclaw/workspace/projects/api-doc-generator/src/generator.js": {"path":"/root/.openclaw/workspace/projects/api-doc-generator/src/generator.js","statementMap":{"0":{"start":{"line":1,"column":11},"end":{"line":1,"column":30}},"1":{"start":{"line":2,"column":13},"end":{"line":2,"column":28}},"2":{"start":{"line":3,"column":22},"end":{"line":3,"column":48}},"3":{"start":{"line":11,"column":4},"end":{"line":15,"column":6}},"4":{"start":{"line":24,"column":4},"end":{"line":24,"column":34}},"5":{"start":{"line":27,"column":17},"end":{"line":27,"column":40}},"6":{"start":{"line":28,"column":4},"end":{"line":28,"column":65}},"7":{"start":{"line":31,"column":4},"end":{"line":31,"column":44}},"8":{"start":{"line":34,"column":4},"end":{"line":34,"column":82}},"9":{"start":{"line":43,"column":21},"end":{"line":43,"column":50}},"10":{"start":{"line":44,"column":18},"end":{"line":44,"column":72}},"11":{"start":{"line":45,"column":24},"end":{"line":45,"column":68}},"12":{"start":{"line":46,"column":20},"end":{"line":46,"column":65}},"13":{"start":{"line":47,"column":20},"end":{"line":47,"column":78}},"14":{"start":{"line":49,"column":22},"end":{"line":49,"column":24}},"15":{"start":{"line":50,"column":4},"end":{"line":50,"column":38}},"16":{"start":{"line":51,"column":4},"end":{"line":51,"column":39}},"17":{"start":{"line":52,"column":4},"end":{"line":52,"column":29}},"18":{"start":{"line":53,"column":4},"end":{"line":53,"column":47}},"19":{"start":{"line":54,"column":4},"end":{"line":54,"column":95}},"20":{"start":{"line":55,"column":4},"end":{"line":55,"column":73}},"21":{"start":{"line":56,"column":4},"end":{"line":56,"column":88}},"22":{"start":{"line":57,"column":4},"end":{"line":57,"column":100}},"23":{"start":{"line":58,"column":4},"end":{"line":58,"column":100}},"24":{"start":{"line":59,"column":4},"end":{"line":59,"column":32}},"25":{"start":{"line":60,"column":4},"end":{"line":60,"column":115}},"26":{"start":{"line":61,"column":4},"end":{"line":61,"column":72}},"27":{"start":{"line":62,"column":4},"end":{"line":62,"column":67}},"28":{"start":{"line":63,"column":4},"end":{"line":63,"column":53}},"29":{"start":{"line":64,"column":4},"end":{"line":64,"column":64}},"30":{"start":{"line":65,"column":4},"end":{"line":65,"column":106}},"31":{"start":{"line":66,"column":4},"end":{"line":66,"column":190}},"32":{"start":{"line":67,"column":4},"end":{"line":67,"column":154}},"33":{"start":{"line":68,"column":4},"end":{"line":68,"column":162}},"34":{"start":{"line":69,"column":4},"end":{"line":69,"column":94}},"35":{"start":{"line":70,"column":4},"end":{"line":70,"column":96}},"36":{"start":{"line":71,"column":4},"end":{"line":71,"column":126}},"37":{"start":{"line":72,"column":4},"end":{"line":72,"column":138}},"38":{"start":{"line":73,"column":4},"end":{"line":73,"column":90}},"39":{"start":{"line":74,"column":4},"end":{"line":74,"column":139}},"40":{"start":{"line":75,"column":4},"end":{"line":75,"column":128}},"41":{"start":{"line":76,"column":4},"end":{"line":76,"column":129}},"42":{"start":{"line":77,"column":4},"end":{"line":77,"column":128}},"43":{"start":{"line":78,"column":4},"end":{"line":78,"column":130}},"44":{"start":{"line":79,"column":4},"end":{"line":79,"column":130}},"45":{"start":{"line":80,"column":4},"end":{"line":80,"column":99}},"46":{"start":{"line":81,"column":4},"end":{"line":81,"column":105}},"47":{"start":{"line":82,"column":4},"end":{"line":82,"column":149}},"48":{"start":{"line":83,"column":4},"end":{"line":83,"column":79}},"49":{"start":{"line":84,"column":4},"end":{"line":84,"column":74}},"50":{"start":{"line":85,"column":4},"end":{"line":85,"column":33}},"51":{"start":{"line":86,"column":4},"end":{"line":86,"column":30}},"52":{"start":{"line":87,"column":4},"end":{"line":87,"column":29}},"53":{"start":{"line":88,"column":4},"end":{"line":88,"column":52}},"54":{"start":{"line":89,"column":4},"end":{"line":89,"column":49}},"55":{"start":{"line":90,"column":4},"end":{"line":90,"column":78}},"56":{"start":{"line":91,"column":4},"end":{"line":91,"column":49}},"57":{"start":{"line":92,"column":4},"end":{"line":92,"column":86}},"58":{"start":{"line":93,"column":4},"end":{"line":93,"column":73}},"59":{"start":{"line":94,"column":4},"end":{"line":96,"column":5}},"60":{"start":{"line":95,"column":6},"end":{"line":95,"column":106}},"61":{"start":{"line":97,"column":4},"end":{"line":97,"column":33}},"62":{"start":{"line":98,"column":4},"end":{"line":98,"column":31}},"63":{"start":{"line":99,"column":4},"end":{"line":99,"column":23}},"64":{"start":{"line":100,"column":4},"end":{"line":100,"column":52}},"65":{"start":{"line":101,"column":4},"end":{"line":101,"column":23}},"66":{"start":{"line":102,"column":4},"end":{"line":102,"column":45}},"67":{"start":{"line":103,"column":4},"end":{"line":103,"column":82}},"68":{"start":{"line":104,"column":4},"end":{"line":104,"column":87}},"69":{"start":{"line":105,"column":4},"end":{"line":105,"column":88}},"70":{"start":{"line":106,"column":4},"end":{"line":106,"column":31}},"71":{"start":{"line":107,"column":4},"end":{"line":107,"column":23}},"72":{"start":{"line":108,"column":4},"end":{"line":108,"column":69}},"73":{"start":{"line":109,"column":4},"end":{"line":109,"column":80}},"74":{"start":{"line":110,"column":4},"end":{"line":110,"column":33}},"75":{"start":{"line":111,"column":4},"end":{"line":111,"column":55}},"76":{"start":{"line":112,"column":4},"end":{"line":112,"column":59}},"77":{"start":{"line":113,"column":4},"end":{"line":113,"column":29}},"78":{"start":{"line":114,"column":4},"end":{"line":114,"column":58}},"79":{"start":{"line":115,"column":4},"end":{"line":115,"column":42}},"80":{"start":{"line":116,"column":4},"end":{"line":116,"column":53}},"81":{"start":{"line":117,"column":4},"end":{"line":117,"column":49}},"82":{"start":{"line":118,"column":4},"end":{"line":118,"column":41}},"83":{"start":{"line":119,"column":4},"end":{"line":119,"column":62}},"84":{"start":{"line":120,"column":4},"end":{"line":120,"column":58}},"85":{"start":{"line":121,"column":4},"end":{"line":121,"column":33}},"86":{"start":{"line":122,"column":4},"end":{"line":122,"column":41}},"87":{"start":{"line":123,"column":4},"end":{"line":123,"column":68}},"88":{"start":{"line":124,"column":4},"end":{"line":124,"column":33}},"89":{"start":{"line":125,"column":4},"end":{"line":125,"column":52}},"90":{"start":{"line":126,"column":4},"end":{"line":126,"column":50}},"91":{"start":{"line":127,"column":4},"end":{"line":127,"column":97}},"92":{"start":{"line":128,"column":4},"end":{"line":128,"column":55}},"93":{"start":{"line":129,"column":4},"end":{"line":129,"column":79}},"94":{"start":{"line":130,"column":4},"end":{"line":130,"column":33}},"95":{"start":{"line":131,"column":4},"end":{"line":131,"column":59}},"96":{"start":{"line":132,"column":4},"end":{"line":132,"column":84}},"97":{"start":{"line":133,"column":4},"end":{"line":133,"column":32}},"98":{"start":{"line":134,"column":4},"end":{"line":134,"column":32}},"99":{"start":{"line":135,"column":4},"end":{"line":135,"column":29}},"100":{"start":{"line":136,"column":4},"end":{"line":136,"column":34}},"101":{"start":{"line":137,"column":4},"end":{"line":137,"column":30}},"102":{"start":{"line":138,"column":4},"end":{"line":138,"column":30}},"103":{"start":{"line":140,"column":4},"end":{"line":140,"column":32}},"104":{"start":{"line":148,"column":22},"end":{"line":148,"column":55}},"105":{"start":{"line":150,"column":24},"end":{"line":156,"column":5}},"106":{"start":{"line":158,"column":4},"end":{"line":169,"column":5}},"107":{"start":{"line":159,"column":22},"end":{"line":159,"column":48}},"108":{"start":{"line":160,"column":23},"end":{"line":160,"column":49}},"109":{"start":{"line":162,"column":6},"end":{"line":168,"column":7}},"110":{"start":{"line":163,"column":8},"end":{"line":165,"column":9}},"111":{"start":{"line":164,"column":10},"end":{"line":164,"column":43}},"112":{"start":{"line":167,"column":8},"end":{"line":167,"column":79}},"113":{"start":{"line":178,"column":4},"end":{"line":178,"column":25}},"114":{"start":{"line":178,"column":15},"end":{"line":178,"column":25}},"115":{"start":{"line":179,"column":4},"end":{"line":184,"column":36}},"116":{"start":{"line":188,"column":0},"end":{"line":188,"column":35}}},"fnMap":{"0":{"name":"(anonymous_0)","decl":{"start":{"line":10,"column":2},"end":{"line":10,"column":3}},"loc":{"start":{"line":10,"column":28},"end":{"line":16,"column":3}},"line":10},"1":{"name":"(anonymous_1)","decl":{"start":{"line":23,"column":2},"end":{"line":23,"column":3}},"loc":{"start":{"line":23,"column":34},"end":{"line":35,"column":3}},"line":23},"2":{"name":"(anonymous_2)","decl":{"start":{"line":42,"column":2},"end":{"line":42,"column":3}},"loc":{"start":{"line":42,"column":21},"end":{"line":141,"column":3}},"line":42},"3":{"name":"(anonymous_3)","decl":{"start":{"line":147,"column":2},"end":{"line":147,"column":3}},"loc":{"start":{"line":147,"column":37},"end":{"line":170,"column":3}},"line":147},"4":{"name":"(anonymous_4)","decl":{"start":{"line":177,"column":2},"end":{"line":177,"column":3}},"loc":{"start":{"line":177,"column":19},"end":{"line":185,"column":3}},"line":177}},"branchMap":{"0":{"loc":{"start":{"line":10,"column":14},"end":{"line":10,"column":26}},"type":"default-arg","locations":[{"start":{"line":10,"column":24},"end":{"line":10,"column":26}}],"line":10},"1":{"loc":{"start":{"line":12,"column":13},"end":{"line":12,"column":49}},"type":"binary-expr","locations":[{"start":{"line":12,"column":13},"end":{"line":12,"column":26}},{"start":{"line":12,"column":30},"end":{"line":12,"column":49}}],"line":12},"2":{"loc":{"start":{"line":13,"column":13},"end":{"line":13,"column":39}},"type":"binary-expr","locations":[{"start":{"line":13,"column":13},"end":{"line":13,"column":26}},{"start":{"line":13,"column":30},"end":{"line":13,"column":39}}],"line":13},"3":{"loc":{"start":{"line":44,"column":34},"end":{"line":44,"column":71}},"type":"binary-expr","locations":[{"start":{"line":44,"column":34},"end":{"line":44,"column":49}},{"start":{"line":44,"column":53},"end":{"line":44,"column":71}}],"line":44},"4":{"loc":{"start":{"line":45,"column":40},"end":{"line":45,"column":67}},"type":"binary-expr","locations":[{"start":{"line":45,"column":40},"end":{"line":45,"column":61}},{"start":{"line":45,"column":65},"end":{"line":45,"column":67}}],"line":45},"5":{"loc":{"start":{"line":46,"column":36},"end":{"line":46,"column":64}},"type":"binary-expr","locations":[{"start":{"line":46,"column":36},"end":{"line":46,"column":53}},{"start":{"line":46,"column":57},"end":{"line":46,"column":64}}],"line":46},"6":{"loc":{"start":{"line":47,"column":20},"end":{"line":47,"column":78}},"type":"cond-expr","locations":[{"start":{"line":47,"column":54},"end":{"line":47,"column":73}},{"start":{"line":47,"column":76},"end":{"line":47,"column":78}}],"line":47},"7":{"loc":{"start":{"line":47,"column":20},"end":{"line":47,"column":51}},"type":"binary-expr","locations":[{"start":{"line":47,"column":20},"end":{"line":47,"column":32}},{"start":{"line":47,"column":36},"end":{"line":47,"column":51}}],"line":47},"8":{"loc":{"start":{"line":90,"column":32},"end":{"line":90,"column":66}},"type":"binary-expr","locations":[{"start":{"line":90,"column":32},"end":{"line":90,"column":43}},{"start":{"line":90,"column":47},"end":{"line":90,"column":66}}],"line":90},"9":{"loc":{"start":{"line":94,"column":4},"end":{"line":96,"column":5}},"type":"if","locations":[{"start":{"line":94,"column":4},"end":{"line":96,"column":5}},{"start":{},"end":{}}],"line":94},"10":{"loc":{"start":{"line":163,"column":8},"end":{"line":165,"column":9}},"type":"if","locations":[{"start":{"line":163,"column":8},"end":{"line":165,"column":9}},{"start":{},"end":{}}],"line":163},"11":{"loc":{"start":{"line":178,"column":4},"end":{"line":178,"column":25}},"type":"if","locations":[{"start":{"line":178,"column":4},"end":{"line":178,"column":25}},{"start":{},"end":{}}],"line":178}},"s":{"0":2,"1":2,"2":2,"3":13,"4":4,"5":4,"6":4,"7":4,"8":4,"9":6,"10":6,"11":6,"12":6,"13":6,"14":6,"15":6,"16":6,"17":6,"18":6,"19":6,"20":6,"21":6,"22":6,"23":6,"24":6,"25":6,"26":6,"27":6,"28":6,"29":6,"30":6,"31":6,"32":6,"33":6,"34":6,"35":6,"36":6,"37":6,"38":6,"39":6,"40":6,"41":6,"42":6,"43":6,"44":6,"45":6,"46":6,"47":6,"48":6,"49":6,"50":6,"51":6,"52":6,"53":6,"54":6,"55":6,"56":6,"57":6,"58":6,"59":6,"60":0,"61":6,"62":6,"63":6,"64":6,"65":6,"66":6,"67":6,"68":6,"69":6,"70":6,"71":6,"72":6,"73":6,"74":6,"75":6,"76":6,"77":6,"78":6,"79":6,"80":6,"81":6,"82":6,"83":6,"84":6,"85":6,"86":6,"87":6,"88":6,"89":6,"90":6,"91":6,"92":6,"93":6,"94":6,"95":6,"96":6,"97":6,"98":6,"99":6,"100":6,"101":6,"102":6,"103":6,"104":4,"105":4,"106":4,"107":20,"108":20,"109":20,"110":20,"111":20,"112":0,"113":18,"114":6,"115":12,"116":2},"f":{"0":13,"1":4,"2":6,"3":4,"4":18},"b":{"0":[0],"1":[13,0],"2":[13,13],"3":[6,0],"4":[6,6],"5":[6,0],"6":[0,6],"7":[6,0],"8":[6,6],"9":[0,6],"10":[20,0],"11":[6,12]},"_coverageSchema":"1a1c01bbd47fc00a2c39e90264f33305004495a9","hash":"eec3e4f04c977301f21a04c6536704ed6a2b72e6"}
,"/root/.openclaw/workspace/projects/api-doc-generator/src/openapi.js": {"path":"/root/.openclaw/workspace/projects/api-doc-generator/src/openapi.js","statementMap":{"0":{"start":{"line":8,"column":4},"end":{"line":14,"column":6}},"1":{"start":{"line":23,"column":17},"end":{"line":42,"column":5}},"2":{"start":{"line":45,"column":25},"end":{"line":45,"column":53}},"3":{"start":{"line":48,"column":4},"end":{"line":60,"column":5}},"4":{"start":{"line":49,"column":6},"end":{"line":49,"column":28}},"5":{"start":{"line":51,"column":6},"end":{"line":59,"column":7}},"6":{"start":{"line":52,"column":23},"end":{"line":52,"column":55}},"7":{"start":{"line":53,"column":8},"end":{"line":53,"column":65}},"8":{"start":{"line":56,"column":8},"end":{"line":58,"column":9}},"9":{"start":{"line":57,"column":10},"end":{"line":57,"column":51}},"10":{"start":{"line":63,"column":23},"end":{"line":63,"column":32}},"11":{"start":{"line":64,"column":4},"end":{"line":68,"column":7}},"12":{"start":{"line":65,"column":6},"end":{"line":67,"column":7}},"13":{"start":{"line":66,"column":8},"end":{"line":66,"column":60}},"14":{"start":{"line":66,"column":39},"end":{"line":66,"column":58}},"15":{"start":{"line":69,"column":4},"end":{"line":69,"column":63}},"16":{"start":{"line":69,"column":52},"end":{"line":69,"column":60}},"17":{"start":{"line":71,"column":4},"end":{"line":71,"column":16}},"18":{"start":{"line":80,"column":19},"end":{"line":80,"column":21}},"19":{"start":{"line":82,"column":4},"end":{"line":88,"column":5}},"20":{"start":{"line":83,"column":19},"end":{"line":83,"column":35}},"21":{"start":{"line":84,"column":6},"end":{"line":86,"column":7}},"22":{"start":{"line":85,"column":8},"end":{"line":85,"column":26}},"23":{"start":{"line":87,"column":6},"end":{"line":87,"column":31}},"24":{"start":{"line":90,"column":4},"end":{"line":90,"column":18}},"25":{"start":{"line":99,"column":22},"end":{"line":108,"column":5}},"26":{"start":{"line":111,"column":23},"end":{"line":111,"column":63}},"27":{"start":{"line":114,"column":4},"end":{"line":139,"column":5}},"28":{"start":{"line":115,"column":23},"end":{"line":115,"column":64}},"29":{"start":{"line":116,"column":6},"end":{"line":138,"column":7}},"30":{"start":{"line":118,"column":8},"end":{"line":131,"column":9}},"31":{"start":{"line":119,"column":10},"end":{"line":130,"column":12}},"32":{"start":{"line":132,"column":8},"end":{"line":135,"column":10}},"33":{"start":{"line":137,"column":8},"end":{"line":137,"column":44}},"34":{"start":{"line":142,"column":4},"end":{"line":163,"column":5}},"35":{"start":{"line":143,"column":6},"end":{"line":152,"column":7}},"36":{"start":{"line":144,"column":8},"end":{"line":151,"column":10}},"37":{"start":{"line":155,"column":6},"end":{"line":162,"column":8}},"38":{"start":{"line":166,"column":4},"end":{"line":173,"column":5}},"39":{"start":{"line":167,"column":25},"end":{"line":167,"column":72}},"40":{"start":{"line":168,"column":6},"end":{"line":172,"column":8}},"41":{"start":{"line":175,"column":4},"end":{"line":175,"column":21}},"42":{"start":{"line":184,"column":19},"end":{"line":184,"column":51}},"43":{"start":{"line":185,"column":22},"end":{"line":189,"column":55}},"44":{"start":{"line":188,"column":19},"end":{"line":188,"column":42}},"45":{"start":{"line":189,"column":16},"end":{"line":189,"column":54}},"46":{"start":{"line":191,"column":4},"end":{"line":191,"column":39}},"47":{"start":{"line":200,"column":19},"end":{"line":200,"column":21}},"48":{"start":{"line":202,"column":18},"end":{"line":202,"column":34}},"49":{"start":{"line":204,"column":4},"end":{"line":206,"column":5}},"50":{"start":{"line":205,"column":6},"end":{"line":205,"column":28}},"51":{"start":{"line":207,"column":4},"end":{"line":207,"column":18}},"52":{"start":{"line":217,"column":20},"end":{"line":217,"column":102}},"53":{"start":{"line":219,"column":4},"end":{"line":225,"column":6}},"54":{"start":{"line":235,"column":4},"end":{"line":237,"column":5}},"55":{"start":{"line":236,"column":6},"end":{"line":236,"column":20}},"56":{"start":{"line":238,"column":4},"end":{"line":240,"column":5}},"57":{"start":{"line":239,"column":6},"end":{"line":239,"column":22}},"58":{"start":{"line":242,"column":4},"end":{"line":242,"column":19}},"59":{"start":{"line":251,"column":4},"end":{"line":251,"column":31}},"60":{"start":{"line":251,"column":15},"end":{"line":251,"column":31}},"61":{"start":{"line":253,"column":20},"end":{"line":264,"column":5}},"62":{"start":{"line":267,"column":4},"end":{"line":269,"column":5}},"63":{"start":{"line":268,"column":6},"end":{"line":268,"column":21}},"64":{"start":{"line":272,"column":4},"end":{"line":275,"column":5}},"65":{"start":{"line":273,"column":24},"end":{"line":273,"column":49}},"66":{"start":{"line":274,"column":6},"end":{"line":274,"column":44}},"67":{"start":{"line":277,"column":4},"end":{"line":277,"column":37}},"68":{"start":{"line":286,"column":4},"end":{"line":288,"column":5}},"69":{"start":{"line":287,"column":6},"end":{"line":287,"column":32}},"70":{"start":{"line":291,"column":4},"end":{"line":297,"column":5}},"71":{"start":{"line":292,"column":23},"end":{"line":292,"column":40}},"72":{"start":{"line":293,"column":6},"end":{"line":296,"column":8}},"73":{"start":{"line":300,"column":4},"end":{"line":306,"column":5}},"74":{"start":{"line":301,"column":23},"end":{"line":301,"column":40}},"75":{"start":{"line":302,"column":6},"end":{"line":305,"column":8}},"76":{"start":{"line":309,"column":24},"end":{"line":309,"column":51}},"77":{"start":{"line":311,"column":20},"end":{"line":318,"column":5}},"78":{"start":{"line":320,"column":4},"end":{"line":322,"column":5}},"79":{"start":{"line":321,"column":6},"end":{"line":321,"column":34}},"80":{"start":{"line":325,"column":4},"end":{"line":345,"column":5}},"81":{"start":{"line":326,"column":6},"end":{"line":344,"column":7}},"82":{"start":{"line":327,"column":27},"end":{"line":327,"column":29}},"83":{"start":{"line":328,"column":24},"end":{"line":328,"column":41}},"84":{"start":{"line":329,"column":22},"end":{"line":329,"column":59}},"85":{"start":{"line":329,"column":50},"end":{"line":329,"column":58}},"86":{"start":{"line":331,"column":8},"end":{"line":336,"column":9}},"87":{"start":{"line":332,"column":29},"end":{"line":332,"column":63}},"88":{"start":{"line":332,"column":54},"end":{"line":332,"column":62}},"89":{"start":{"line":333,"column":10},"end":{"line":335,"column":11}},"90":{"start":{"line":334,"column":12},"end":{"line":334,"column":55}},"91":{"start":{"line":338,"column":8},"end":{"line":341,"column":10}},"92":{"start":{"line":343,"column":8},"end":{"line":343,"column":34}},"93":{"start":{"line":348,"column":4},"end":{"line":351,"column":6}},"94":{"start":{"line":360,"column":20},"end":{"line":366,"column":5}},"95":{"start":{"line":368,"column":4},"end":{"line":368,"column":50}},"96":{"start":{"line":377,"column":21},"end":{"line":377,"column":46}},"97":{"start":{"line":378,"column":23},"end":{"line":378,"column":59}},"98":{"start":{"line":380,"column":4},"end":{"line":409,"column":5}},"99":{"start":{"line":381,"column":6},"end":{"line":408,"column":7}},"100":{"start":{"line":384,"column":10},"end":{"line":388,"column":12}},"101":{"start":{"line":389,"column":10},"end":{"line":389,"column":16}},"102":{"start":{"line":391,"column":10},"end":{"line":394,"column":12}},"103":{"start":{"line":395,"column":10},"end":{"line":395,"column":16}},"104":{"start":{"line":397,"column":10},"end":{"line":401,"column":12}},"105":{"start":{"line":402,"column":10},"end":{"line":402,"column":16}},"106":{"start":{"line":404,"column":10},"end":{"line":407,"column":12}},"107":{"start":{"line":413,"column":0},"end":{"line":413,"column":38}}},"fnMap":{"0":{"name":"(anonymous_0)","decl":{"start":{"line":7,"column":2},"end":{"line":7,"column":3}},"loc":{"start":{"line":7,"column":28},"end":{"line":15,"column":3}},"line":7},"1":{"name":"(anonymous_1)","decl":{"start":{"line":22,"column":2},"end":{"line":22,"column":3}},"loc":{"start":{"line":22,"column":23},"end":{"line":72,"column":3}},"line":22},"2":{"name":"(anonymous_2)","decl":{"start":{"line":64,"column":23},"end":{"line":64,"column":24}},"loc":{"start":{"line":64,"column":32},"end":{"line":68,"column":5}},"line":64},"3":{"name":"(anonymous_3)","decl":{"start":{"line":66,"column":32},"end":{"line":66,"column":33}},"loc":{"start":{"line":66,"column":39},"end":{"line":66,"column":58}},"line":66},"4":{"name":"(anonymous_4)","decl":{"start":{"line":69,"column":43},"end":{"line":69,"column":44}},"loc":{"start":{"line":69,"column":52},"end":{"line":69,"column":60}},"line":69},"5":{"name":"(anonymous_5)","decl":{"start":{"line":79,"column":2},"end":{"line":79,"column":3}},"loc":{"start":{"line":79,"column":26},"end":{"line":91,"column":3}},"line":79},"6":{"name":"(anonymous_6)","decl":{"start":{"line":98,"column":2},"end":{"line":98,"column":3}},"loc":{"start":{"line":98,"column":27},"end":{"line":176,"column":3}},"line":98},"7":{"name":"(anonymous_7)","decl":{"start":{"line":183,"column":2},"end":{"line":183,"column":3}},"loc":{"start":{"line":183,"column":29},"end":{"line":192,"column":3}},"line":183},"8":{"name":"(anonymous_8)","decl":{"start":{"line":188,"column":14},"end":{"line":188,"column":15}},"loc":{"start":{"line":188,"column":19},"end":{"line":188,"column":42}},"line":188},"9":{"name":"(anonymous_9)","decl":{"start":{"line":189,"column":11},"end":{"line":189,"column":12}},"loc":{"start":{"line":189,"column":16},"end":{"line":189,"column":54}},"line":189},"10":{"name":"(anonymous_10)","decl":{"start":{"line":199,"column":2},"end":{"line":199,"column":3}},"loc":{"start":{"line":199,"column":26},"end":{"line":208,"column":3}},"line":199},"11":{"name":"(anonymous_11)","decl":{"start":{"line":216,"column":2},"end":{"line":216,"column":3}},"loc":{"start":{"line":216,"column":44},"end":{"line":226,"column":3}},"line":216},"12":{"name":"(anonymous_12)","decl":{"start":{"line":233,"column":2},"end":{"line":233,"column":3}},"loc":{"start":{"line":233,"column":31},"end":{"line":243,"column":3}},"line":233},"13":{"name":"(anonymous_13)","decl":{"start":{"line":250,"column":2},"end":{"line":250,"column":3}},"loc":{"start":{"line":250,"column":25},"end":{"line":278,"column":3}},"line":250},"14":{"name":"(anonymous_14)","decl":{"start":{"line":285,"column":2},"end":{"line":285,"column":3}},"loc":{"start":{"line":285,"column":23},"end":{"line":352,"column":3}},"line":285},"15":{"name":"(anonymous_15)","decl":{"start":{"line":329,"column":45},"end":{"line":329,"column":46}},"loc":{"start":{"line":329,"column":50},"end":{"line":329,"column":58}},"line":329},"16":{"name":"(anonymous_16)","decl":{"start":{"line":332,"column":49},"end":{"line":332,"column":50}},"loc":{"start":{"line":332,"column":54},"end":{"line":332,"column":62}},"line":332},"17":{"name":"(anonymous_17)","decl":{"start":{"line":359,"column":2},"end":{"line":359,"column":3}},"loc":{"start":{"line":359,"column":34},"end":{"line":369,"column":3}},"line":359},"18":{"name":"(anonymous_18)","decl":{"start":{"line":376,"column":2},"end":{"line":376,"column":3}},"loc":{"start":{"line":376,"column":32},"end":{"line":410,"column":3}},"line":376}},"branchMap":{"0":{"loc":{"start":{"line":7,"column":14},"end":{"line":7,"column":26}},"type":"default-arg","locations":[{"start":{"line":7,"column":24},"end":{"line":7,"column":26}}],"line":7},"1":{"loc":{"start":{"line":9,"column":13},"end":{"line":9,"column":49}},"type":"binary-expr","locations":[{"start":{"line":9,"column":13},"end":{"line":9,"column":26}},{"start":{"line":9,"column":30},"end":{"line":9,"column":49}}],"line":9},"2":{"loc":{"start":{"line":10,"column":15},"end":{"line":10,"column":41}},"type":"binary-expr","locations":[{"start":{"line":10,"column":15},"end":{"line":10,"column":30}},{"start":{"line":10,"column":34},"end":{"line":10,"column":41}}],"line":10},"3":{"loc":{"start":{"line":11,"column":19},"end":{"line":11,"column":44}},"type":"binary-expr","locations":[{"start":{"line":11,"column":19},"end":{"line":11,"column":38}},{"start":{"line":11,"column":42},"end":{"line":11,"column":44}}],"line":11},"4":{"loc":{"start":{"line":12,"column":15},"end":{"line":12,"column":57}},"type":"binary-expr","locations":[{"start":{"line":12,"column":15},"end":{"line":12,"column":30}},{"start":{"line":12,"column":34},"end":{"line":12,"column":57}}],"line":12},"5":{"loc":{"start":{"line":56,"column":8},"end":{"line":58,"column":9}},"type":"if","locations":[{"start":{"line":56,"column":8},"end":{"line":58,"column":9}},{"start":{},"end":{}}],"line":56},"6":{"loc":{"start":{"line":65,"column":6},"end":{"line":67,"column":7}},"type":"if","locations":[{"start":{"line":65,"column":6},"end":{"line":67,"column":7}},{"start":{},"end":{}}],"line":65},"7":{"loc":{"start":{"line":84,"column":6},"end":{"line":86,"column":7}},"type":"if","locations":[{"start":{"line":84,"column":6},"end":{"line":86,"column":7}},{"start":{},"end":{}}],"line":84},"8":{"loc":{"start":{"line":100,"column":15},"end":{"line":100,"column":56}},"type":"binary-expr","locations":[{"start":{"line":100,"column":15},"end":{"line":100,"column":34}},{"start":{"line":100,"column":38},"end":{"line":100,"column":56}}],"line":100},"9":{"loc":{"start":{"line":101,"column":19},"end":{"line":101,"column":42}},"type":"binary-expr","locations":[{"start":{"line":101,"column":19},"end":{"line":101,"column":36}},{"start":{"line":101,"column":40},"end":{"line":101,"column":42}}],"line":101},"10":{"loc":{"start":{"line":103,"column":12},"end":{"line":103,"column":33}},"type":"binary-expr","locations":[{"start":{"line":103,"column":12},"end":{"line":103,"column":27}},{"start":{"line":103,"column":31},"end":{"line":103,"column":33}}],"line":103},"11":{"loc":{"start":{"line":116,"column":6},"end":{"line":138,"column":7}},"type":"if","locations":[{"start":{"line":116,"column":6},"end":{"line":138,"column":7}},{"start":{"line":136,"column":13},"end":{"line":138,"column":7}}],"line":116},"12":{"loc":{"start":{"line":118,"column":8},"end":{"line":131,"column":9}},"type":"if","locations":[{"start":{"line":118,"column":8},"end":{"line":131,"column":9}},{"start":{},"end":{}}],"line":118},"13":{"loc":{"start":{"line":142,"column":4},"end":{"line":163,"column":5}},"type":"if","locations":[{"start":{"line":142,"column":4},"end":{"line":163,"column":5}},{"start":{"line":153,"column":11},"end":{"line":163,"column":5}}],"line":142},"14":{"loc":{"start":{"line":142,"column":8},"end":{"line":142,"column":53}},"type":"binary-expr","locations":[{"start":{"line":142,"column":8},"end":{"line":142,"column":23}},{"start":{"line":142,"column":27},"end":{"line":142,"column":53}}],"line":142},"15":{"loc":{"start":{"line":145,"column":23},"end":{"line":145,"column":57}},"type":"binary-expr","locations":[{"start":{"line":145,"column":23},"end":{"line":145,"column":43}},{"start":{"line":145,"column":47},"end":{"line":145,"column":57}}],"line":145},"16":{"loc":{"start":{"line":159,"column":20},"end":{"line":159,"column":96}},"type":"cond-expr","locations":[{"start":{"line":159,"column":36},"end":{"line":159,"column":75}},{"start":{"line":159,"column":78},"end":{"line":159,"column":96}}],"line":159},"17":{"loc":{"start":{"line":166,"column":4},"end":{"line":173,"column":5}},"type":"if","locations":[{"start":{"line":166,"column":4},"end":{"line":173,"column":5}},{"start":{},"end":{}}],"line":166},"18":{"loc":{"start":{"line":188,"column":19},"end":{"line":188,"column":42}},"type":"binary-expr","locations":[{"start":{"line":188,"column":19},"end":{"line":188,"column":20}},{"start":{"line":188,"column":24},"end":{"line":188,"column":42}}],"line":188},"19":{"loc":{"start":{"line":216,"column":27},"end":{"line":216,"column":42}},"type":"default-arg","locations":[{"start":{"line":216,"column":40},"end":{"line":216,"column":42}}],"line":216},"20":{"loc":{"start":{"line":217,"column":20},"end":{"line":217,"column":102}},"type":"cond-expr","locations":[{"start":{"line":217,"column":54},"end":{"line":217,"column":60}},{"start":{"line":217,"column":63},"end":{"line":217,"column":102}}],"line":217},"21":{"loc":{"start":{"line":222,"column":16},"end":{"line":222,"column":58}},"type":"cond-expr","locations":[{"start":{"line":222,"column":37},"end":{"line":222,"column":41}},{"start":{"line":222,"column":44},"end":{"line":222,"column":58}}],"line":222},"22":{"loc":{"start":{"line":223,"column":19},"end":{"line":223,"column":42}},"type":"binary-expr","locations":[{"start":{"line":223,"column":19},"end":{"line":223,"column":36}},{"start":{"line":223,"column":40},"end":{"line":223,"column":42}}],"line":223},"23":{"loc":{"start":{"line":235,"column":4},"end":{"line":237,"column":5}},"type":"if","locations":[{"start":{"line":235,"column":4},"end":{"line":237,"column":5}},{"start":{},"end":{}}],"line":235},"24":{"loc":{"start":{"line":238,"column":4},"end":{"line":240,"column":5}},"type":"if","locations":[{"start":{"line":238,"column":4},"end":{"line":240,"column":5}},{"start":{},"end":{}}],"line":238},"25":{"loc":{"start":{"line":238,"column":8},"end":{"line":238,"column":95}},"type":"binary-expr","locations":[{"start":{"line":238,"column":8},"end":{"line":238,"column":29}},{"start":{"line":238,"column":33},"end":{"line":238,"column":95}}],"line":238},"26":{"loc":{"start":{"line":251,"column":4},"end":{"line":251,"column":31}},"type":"if","locations":[{"start":{"line":251,"column":4},"end":{"line":251,"column":31}},{"start":{},"end":{}}],"line":251},"27":{"loc":{"start":{"line":267,"column":4},"end":{"line":269,"column":5}},"type":"if","locations":[{"start":{"line":267,"column":4},"end":{"line":269,"column":5}},{"start":{},"end":{}}],"line":267},"28":{"loc":{"start":{"line":267,"column":8},"end":{"line":267,"column":56}},"type":"binary-expr","locations":[{"start":{"line":267,"column":8},"end":{"line":267,"column":27}},{"start":{"line":267,"column":31},"end":{"line":267,"column":56}}],"line":267},"29":{"loc":{"start":{"line":272,"column":4},"end":{"line":275,"column":5}},"type":"if","locations":[{"start":{"line":272,"column":4},"end":{"line":275,"column":5}},{"start":{},"end":{}}],"line":272},"30":{"loc":{"start":{"line":274,"column":13},"end":{"line":274,"column":43}},"type":"binary-expr","locations":[{"start":{"line":274,"column":13},"end":{"line":274,"column":31}},{"start":{"line":274,"column":35},"end":{"line":274,"column":43}}],"line":274},"31":{"loc":{"start":{"line":277,"column":11},"end":{"line":277,"column":36}},"type":"binary-expr","locations":[{"start":{"line":277,"column":11},"end":{"line":277,"column":24}},{"start":{"line":277,"column":28},"end":{"line":277,"column":36}}],"line":277},"32":{"loc":{"start":{"line":286,"column":4},"end":{"line":288,"column":5}},"type":"if","locations":[{"start":{"line":286,"column":4},"end":{"line":288,"column":5}},{"start":{},"end":{}}],"line":286},"33":{"loc":{"start":{"line":291,"column":4},"end":{"line":297,"column":5}},"type":"if","locations":[{"start":{"line":291,"column":4},"end":{"line":297,"column":5}},{"start":{},"end":{}}],"line":291},"34":{"loc":{"start":{"line":300,"column":4},"end":{"line":306,"column":5}},"type":"if","locations":[{"start":{"line":300,"column":4},"end":{"line":306,"column":5}},{"start":{},"end":{}}],"line":300},"35":{"loc":{"start":{"line":300,"column":8},"end":{"line":300,"column":55}},"type":"binary-expr","locations":[{"start":{"line":300,"column":8},"end":{"line":300,"column":33}},{"start":{"line":300,"column":37},"end":{"line":300,"column":55}}],"line":300},"36":{"loc":{"start":{"line":320,"column":4},"end":{"line":322,"column":5}},"type":"if","locations":[{"start":{"line":320,"column":4},"end":{"line":322,"column":5}},{"start":{},"end":{}}],"line":320},"37":{"loc":{"start":{"line":325,"column":4},"end":{"line":345,"column":5}},"type":"if","locations":[{"start":{"line":325,"column":4},"end":{"line":345,"column":5}},{"start":{},"end":{}}],"line":325},"38":{"loc":{"start":{"line":325,"column":8},"end":{"line":325,"column":50}},"type":"binary-expr","locations":[{"start":{"line":325,"column":8},"end":{"line":325,"column":28}},{"start":{"line":325,"column":32},"end":{"line":325,"column":50}}],"line":325},"39":{"loc":{"start":{"line":333,"column":10},"end":{"line":335,"column":11}},"type":"if","locations":[{"start":{"line":333,"column":10},"end":{"line":335,"column":11}},{"start":{},"end":{}}],"line":333},"40":{"loc":{"start":{"line":333,"column":14},"end":{"line":333,"column":24}},"type":"binary-expr","locations":[{"start":{"line":333,"column":14},"end":{"line":333,"column":17}},{"start":{"line":333,"column":21},"end":{"line":333,"column":24}}],"line":333},"41":{"loc":{"start":{"line":368,"column":11},"end":{"line":368,"column":49}},"type":"binary-expr","locations":[{"start":{"line":368,"column":11},"end":{"line":368,"column":28}},{"start":{"line":368,"column":32},"end":{"line":368,"column":49}}],"line":368},"42":{"loc":{"start":{"line":377,"column":21},"end":{"line":377,"column":46}},"type":"binary-expr","locations":[{"start":{"line":377,"column":21},"end":{"line":377,"column":34}},{"start":{"line":377,"column":38},"end":{"line":377,"column":46}}],"line":377},"43":{"loc":{"start":{"line":380,"column":4},"end":{"line":409,"column":5}},"type":"if","locations":[{"start":{"line":380,"column":4},"end":{"line":409,"column":5}},{"start":{},"end":{}}],"line":380},"44":{"loc":{"start":{"line":381,"column":6},"end":{"line":408,"column":7}},"type":"switch","locations":[{"start":{"line":382,"column":8},"end":{"line":382,"column":22}},{"start":{"line":383,"column":8},"end":{"line":389,"column":16}},{"start":{"line":390,"column":8},"end":{"line":395,"column":16}},{"start":{"line":396,"column":8},"end":{"line":402,"column":16}},{"start":{"line":403,"column":8},"end":{"line":407,"column":12}}],"line":381}},"s":{"0":14,"1":14,"2":14,"3":14,"4":15,"5":15,"6":16,"7":16,"8":16,"9":0,"10":14,"11":14,"12":16,"13":16,"14":4,"15":14,"16":4,"17":14,"18":14,"19":14,"20":16,"21":16,"22":15,"23":16,"24":14,"25":16,"26":16,"27":16,"28":3,"29":3,"30":0,"31":0,"32":0,"33":3,"34":16,"35":8,"36":9,"37":8,"38":16,"39":0,"40":0,"41":16,"42":16,"43":16,"44":33,"45":16,"46":16,"47":16,"48":16,"49":16,"50":1,"51":16,"52":3,"53":3,"54":2,"55":0,"56":2,"57":0,"58":2,"59":12,"60":0,"61":12,"62":12,"63":0,"64":12,"65":0,"66":0,"67":12,"68":12,"69":0,"70":12,"71":0,"72":0,"73":12,"74":0,"75":0,"76":12,"77":12,"78":12,"79":12,"80":0,"81":0,"82":0,"83":0,"84":0,"85":0,"86":0,"87":0,"88":0,"89":0,"90":0,"91":0,"92":0,"93":0,"94":0,"95":0,"96":0,"97":0,"98":0,"99":0,"100":0,"101":0,"102":0,"103":0,"104":0,"105":0,"106":0,"107":2},"f":{"0":14,"1":14,"2":16,"3":4,"4":4,"5":14,"6":16,"7":16,"8":33,"9":16,"10":16,"11":3,"12":2,"13":12,"14":12,"15":0,"16":0,"17":0,"18":0},"b":{"0":[0],"1":[14,0],"2":[14,0],"3":[14,5],"4":[14,0],"5":[0,16],"6":[16,0],"7":[15,1],"8":[16,14],"9":[16,0],"10":[16,0],"11":[0,3],"12":[0,0],"13":[8,8],"14":[16,16],"15":[9,0],"16":[0,8],"17":[0,16],"18":[33,17],"19":[0],"20":[1,2],"21":[1,2],"22":[3,1],"23":[0,2],"24":[0,2],"25":[2,2],"26":[0,12],"27":[0,12],"28":[12,12],"29":[0,12],"30":[0,0],"31":[12,0],"32":[0,12],"33":[0,12],"34":[0,12],"35":[12,0],"36":[12,0],"37":[0,0],"38":[0,0],"39":[0,0],"40":[0,0],"41":[0,0],"42":[0,0],"43":[0,0],"44":[0,0,0,0,0]},"_coverageSchema":"1a1c01bbd47fc00a2c39e90264f33305004495a9","hash":"4d900e9ace7da1a7ba0f27b4c89bfa28f7f9d2d3"}
,"/root/.openclaw/workspace/projects/api-doc-generator/src/parser.js": {"path":"/root/.openclaw/workspace/projects/api-doc-generator/src/parser.js","statementMap":{"0":{"start":{"line":1,"column":11},"end":{"line":1,"column":30}},"1":{"start":{"line":2,"column":13},"end":{"line":2,"column":28}},"2":{"start":{"line":3,"column":17},"end":{"line":3,"column":32}},"3":{"start":{"line":4,"column":20},"end":{"line":4,"column":44}},"4":{"start":{"line":5,"column":17},"end":{"line":5,"column":51}},"5":{"start":{"line":6,"column":10},"end":{"line":6,"column":33}},"6":{"start":{"line":13,"column":4},"end":{"line":17,"column":6}},"7":{"start":{"line":26,"column":18},"end":{"line":26,"column":52}},"8":{"start":{"line":27,"column":20},"end":{"line":27,"column":22}},"9":{"start":{"line":29,"column":4},"end":{"line":37,"column":5}},"10":{"start":{"line":30,"column":6},"end":{"line":36,"column":7}},"11":{"start":{"line":31,"column":24},"end":{"line":31,"column":56}},"12":{"start":{"line":32,"column":23},"end":{"line":32,"column":52}},"13":{"start":{"line":33,"column":8},"end":{"line":33,"column":32}},"14":{"start":{"line":35,"column":8},"end":{"line":35,"column":75}},"15":{"start":{"line":39,"column":4},"end":{"line":39,"column":19}},"16":{"start":{"line":48,"column":18},"end":{"line":48,"column":60}},"17":{"start":{"line":48,"column":55},"end":{"line":48,"column":59}},"18":{"start":{"line":50,"column":4},"end":{"line":53,"column":5}},"19":{"start":{"line":52,"column":6},"end":{"line":52,"column":35}},"20":{"start":{"line":55,"column":4},"end":{"line":57,"column":5}},"21":{"start":{"line":56,"column":6},"end":{"line":56,"column":25}},"22":{"start":{"line":59,"column":4},"end":{"line":65,"column":5}},"23":{"start":{"line":60,"column":22},"end":{"line":60,"column":70}},"24":{"start":{"line":61,"column":20},"end":{"line":63,"column":8}},"25":{"start":{"line":62,"column":46},"end":{"line":62,"column":58}},"26":{"start":{"line":64,"column":6},"end":{"line":64,"column":19}},"27":{"start":{"line":67,"column":4},"end":{"line":67,"column":14}},"28":{"start":{"line":77,"column":20},"end":{"line":77,"column":22}},"29":{"start":{"line":79,"column":4},"end":{"line":152,"column":5}},"30":{"start":{"line":80,"column":18},"end":{"line":95,"column":8}},"31":{"start":{"line":97,"column":6},"end":{"line":149,"column":9}},"32":{"start":{"line":100,"column":25},"end":{"line":100,"column":76}},"33":{"start":{"line":101,"column":10},"end":{"line":101,"column":43}},"34":{"start":{"line":101,"column":22},"end":{"line":101,"column":43}},"35":{"start":{"line":105,"column":25},"end":{"line":105,"column":76}},"36":{"start":{"line":106,"column":10},"end":{"line":106,"column":43}},"37":{"start":{"line":106,"column":22},"end":{"line":106,"column":43}},"38":{"start":{"line":111,"column":21},"end":{"line":111,"column":34}},"39":{"start":{"line":112,"column":29},"end":{"line":112,"column":40}},"40":{"start":{"line":115,"column":10},"end":{"line":128,"column":11}},"41":{"start":{"line":116,"column":27},"end":{"line":116,"column":42}},"42":{"start":{"line":117,"column":12},"end":{"line":127,"column":13}},"43":{"start":{"line":118,"column":14},"end":{"line":126,"column":15}},"44":{"start":{"line":119,"column":16},"end":{"line":119,"column":46}},"45":{"start":{"line":121,"column":36},"end":{"line":121,"column":121}},"46":{"start":{"line":122,"column":16},"end":{"line":125,"column":17}},"47":{"start":{"line":124,"column":18},"end":{"line":124,"column":83}},"48":{"start":{"line":130,"column":25},"end":{"line":130,"column":67}},"49":{"start":{"line":131,"column":10},"end":{"line":137,"column":11}},"50":{"start":{"line":133,"column":12},"end":{"line":135,"column":13}},"51":{"start":{"line":134,"column":14},"end":{"line":134,"column":49}},"52":{"start":{"line":136,"column":12},"end":{"line":136,"column":33}},"53":{"start":{"line":141,"column":25},"end":{"line":141,"column":76}},"54":{"start":{"line":142,"column":10},"end":{"line":142,"column":43}},"55":{"start":{"line":142,"column":22},"end":{"line":142,"column":43}},"56":{"start":{"line":146,"column":25},"end":{"line":146,"column":76}},"57":{"start":{"line":147,"column":10},"end":{"line":147,"column":43}},"58":{"start":{"line":147,"column":22},"end":{"line":147,"column":43}},"59":{"start":{"line":151,"column":6},"end":{"line":151,"column":70}},"60":{"start":{"line":154,"column":4},"end":{"line":154,"column":19}},"61":{"start":{"line":165,"column":4},"end":{"line":167,"column":5}},"62":{"start":{"line":166,"column":6},"end":{"line":166,"column":18}},"63":{"start":{"line":170,"column":25},"end":{"line":172,"column":88}},"64":{"start":{"line":172,"column":23},"end":{"line":172,"column":87}},"65":{"start":{"line":174,"column":4},"end":{"line":176,"column":5}},"66":{"start":{"line":175,"column":6},"end":{"line":175,"column":18}},"67":{"start":{"line":178,"column":22},"end":{"line":178,"column":49}},"68":{"start":{"line":179,"column":19},"end":{"line":179,"column":49}},"69":{"start":{"line":182,"column":4},"end":{"line":184,"column":5}},"70":{"start":{"line":182,"column":33},"end":{"line":182,"column":52}},"71":{"start":{"line":183,"column":6},"end":{"line":183,"column":18}},"72":{"start":{"line":187,"column":25},"end":{"line":187,"column":51}},"73":{"start":{"line":190,"column":17},"end":{"line":190,"column":54}},"74":{"start":{"line":192,"column":4},"end":{"line":207,"column":6}},"75":{"start":{"line":198,"column":40},"end":{"line":198,"column":59}},"76":{"start":{"line":199,"column":39},"end":{"line":199,"column":84}},"77":{"start":{"line":200,"column":37},"end":{"line":200,"column":56}},"78":{"start":{"line":201,"column":36},"end":{"line":201,"column":54}},"79":{"start":{"line":202,"column":43},"end":{"line":202,"column":65}},"80":{"start":{"line":203,"column":42},"end":{"line":203,"column":66}},"81":{"start":{"line":205,"column":23},"end":{"line":205,"column":40}},"82":{"start":{"line":206,"column":20},"end":{"line":206,"column":35}},"83":{"start":{"line":216,"column":18},"end":{"line":218,"column":5}},"84":{"start":{"line":217,"column":6},"end":{"line":217,"column":42}},"85":{"start":{"line":220,"column":22},"end":{"line":220,"column":24}},"86":{"start":{"line":221,"column":17},"end":{"line":221,"column":19}},"87":{"start":{"line":222,"column":24},"end":{"line":222,"column":28}},"88":{"start":{"line":224,"column":4},"end":{"line":235,"column":5}},"89":{"start":{"line":225,"column":6},"end":{"line":234,"column":7}},"90":{"start":{"line":226,"column":8},"end":{"line":226,"column":30}},"91":{"start":{"line":227,"column":25},"end":{"line":227,"column":59}},"92":{"start":{"line":228,"column":8},"end":{"line":231,"column":9}},"93":{"start":{"line":229,"column":42},"end":{"line":229,"column":50}},"94":{"start":{"line":230,"column":10},"end":{"line":230,"column":62}},"95":{"start":{"line":232,"column":13},"end":{"line":234,"column":7}},"96":{"start":{"line":233,"column":8},"end":{"line":233,"column":31}},"97":{"start":{"line":237,"column":4},"end":{"line":240,"column":6}},"98":{"start":{"line":250,"column":19},"end":{"line":256,"column":5}},"99":{"start":{"line":259,"column":4},"end":{"line":271,"column":5}},"100":{"start":{"line":263,"column":25},"end":{"line":263,"column":86}},"101":{"start":{"line":264,"column":6},"end":{"line":270,"column":7}},"102":{"start":{"line":265,"column":37},"end":{"line":265,"column":47}},"103":{"start":{"line":266,"column":8},"end":{"line":266,"column":36}},"104":{"start":{"line":267,"column":8},"end":{"line":267,"column":49}},"105":{"start":{"line":268,"column":8},"end":{"line":268,"column":46}},"106":{"start":{"line":269,"column":8},"end":{"line":269,"column":34}},"107":{"start":{"line":274,"column":4},"end":{"line":280,"column":5}},"108":{"start":{"line":275,"column":26},"end":{"line":275,"column":68}},"109":{"start":{"line":276,"column":6},"end":{"line":279,"column":7}},"110":{"start":{"line":277,"column":8},"end":{"line":277,"column":37}},"111":{"start":{"line":278,"column":8},"end":{"line":278,"column":44}},"112":{"start":{"line":283,"column":4},"end":{"line":291,"column":5}},"113":{"start":{"line":285,"column":25},"end":{"line":285,"column":69}},"114":{"start":{"line":286,"column":6},"end":{"line":290,"column":7}},"115":{"start":{"line":287,"column":8},"end":{"line":287,"column":52}},"116":{"start":{"line":288,"column":8},"end":{"line":288,"column":36}},"117":{"start":{"line":289,"column":8},"end":{"line":289,"column":45}},"118":{"start":{"line":294,"column":4},"end":{"line":303,"column":5}},"119":{"start":{"line":297,"column":28},"end":{"line":297,"column":83}},"120":{"start":{"line":298,"column":6},"end":{"line":302,"column":7}},"121":{"start":{"line":299,"column":8},"end":{"line":299,"column":51}},"122":{"start":{"line":300,"column":8},"end":{"line":300,"column":53}},"123":{"start":{"line":301,"column":8},"end":{"line":301,"column":46}},"124":{"start":{"line":306,"column":4},"end":{"line":308,"column":5}},"125":{"start":{"line":307,"column":6},"end":{"line":307,"column":44}},"126":{"start":{"line":310,"column":4},"end":{"line":310,"column":18}},"127":{"start":{"line":319,"column":4},"end":{"line":321,"column":5}},"128":{"start":{"line":320,"column":6},"end":{"line":320,"column":26}},"129":{"start":{"line":322,"column":4},"end":{"line":324,"column":5}},"130":{"start":{"line":323,"column":6},"end":{"line":323,"column":45}},"131":{"start":{"line":325,"column":4},"end":{"line":325,"column":23}},"132":{"start":{"line":329,"column":0},"end":{"line":329,"column":28}}},"fnMap":{"0":{"name":"(anonymous_0)","decl":{"start":{"line":12,"column":2},"end":{"line":12,"column":3}},"loc":{"start":{"line":12,"column":28},"end":{"line":18,"column":3}},"line":12},"1":{"name":"(anonymous_1)","decl":{"start":{"line":25,"column":2},"end":{"line":25,"column":3}},"loc":{"start":{"line":25,"column":25},"end":{"line":40,"column":3}},"line":25},"2":{"name":"(anonymous_2)","decl":{"start":{"line":47,"column":2},"end":{"line":47,"column":3}},"loc":{"start":{"line":47,"column":32},"end":{"line":68,"column":3}},"line":47},"3":{"name":"(anonymous_3)","decl":{"start":{"line":48,"column":49},"end":{"line":48,"column":50}},"loc":{"start":{"line":48,"column":55},"end":{"line":48,"column":59}},"line":48},"4":{"name":"(anonymous_4)","decl":{"start":{"line":62,"column":41},"end":{"line":62,"column":42}},"loc":{"start":{"line":62,"column":46},"end":{"line":62,"column":58}},"line":62},"5":{"name":"(anonymous_5)","decl":{"start":{"line":76,"column":2},"end":{"line":76,"column":3}},"loc":{"start":{"line":76,"column":31},"end":{"line":155,"column":3}},"line":76},"6":{"name":"(anonymous_6)","decl":{"start":{"line":99,"column":29},"end":{"line":99,"column":30}},"loc":{"start":{"line":99,"column":43},"end":{"line":102,"column":9}},"line":99},"7":{"name":"(anonymous_7)","decl":{"start":{"line":104,"column":28},"end":{"line":104,"column":29}},"loc":{"start":{"line":104,"column":42},"end":{"line":107,"column":9}},"line":104},"8":{"name":"(anonymous_8)","decl":{"start":{"line":109,"column":33},"end":{"line":109,"column":34}},"loc":{"start":{"line":109,"column":47},"end":{"line":138,"column":9}},"line":109},"9":{"name":"(anonymous_9)","decl":{"start":{"line":140,"column":21},"end":{"line":140,"column":22}},"loc":{"start":{"line":140,"column":35},"end":{"line":143,"column":9}},"line":140},"10":{"name":"(anonymous_10)","decl":{"start":{"line":145,"column":22},"end":{"line":145,"column":23}},"loc":{"start":{"line":145,"column":36},"end":{"line":148,"column":9}},"line":145},"11":{"name":"(anonymous_11)","decl":{"start":{"line":164,"column":2},"end":{"line":164,"column":3}},"loc":{"start":{"line":164,"column":40},"end":{"line":208,"column":3}},"line":164},"12":{"name":"(anonymous_12)","decl":{"start":{"line":172,"column":12},"end":{"line":172,"column":13}},"loc":{"start":{"line":172,"column":23},"end":{"line":172,"column":87}},"line":172},"13":{"name":"(anonymous_13)","decl":{"start":{"line":182,"column":26},"end":{"line":182,"column":27}},"loc":{"start":{"line":182,"column":33},"end":{"line":182,"column":52}},"line":182},"14":{"name":"(anonymous_14)","decl":{"start":{"line":198,"column":33},"end":{"line":198,"column":34}},"loc":{"start":{"line":198,"column":40},"end":{"line":198,"column":59}},"line":198},"15":{"name":"(anonymous_15)","decl":{"start":{"line":199,"column":32},"end":{"line":199,"column":33}},"loc":{"start":{"line":199,"column":39},"end":{"line":199,"column":84}},"line":199},"16":{"name":"(anonymous_16)","decl":{"start":{"line":200,"column":30},"end":{"line":200,"column":31}},"loc":{"start":{"line":200,"column":37},"end":{"line":200,"column":56}},"line":200},"17":{"name":"(anonymous_17)","decl":{"start":{"line":201,"column":29},"end":{"line":201,"column":30}},"loc":{"start":{"line":201,"column":36},"end":{"line":201,"column":54}},"line":201},"18":{"name":"(anonymous_18)","decl":{"start":{"line":202,"column":36},"end":{"line":202,"column":37}},"loc":{"start":{"line":202,"column":43},"end":{"line":202,"column":65}},"line":202},"19":{"name":"(anonymous_19)","decl":{"start":{"line":203,"column":35},"end":{"line":203,"column":36}},"loc":{"start":{"line":203,"column":42},"end":{"line":203,"column":66}},"line":203},"20":{"name":"(anonymous_20)","decl":{"start":{"line":205,"column":16},"end":{"line":205,"column":17}},"loc":{"start":{"line":205,"column":23},"end":{"line":205,"column":40}},"line":205},"21":{"name":"(anonymous_21)","decl":{"start":{"line":206,"column":13},"end":{"line":206,"column":14}},"loc":{"start":{"line":206,"column":20},"end":{"line":206,"column":35}},"line":206},"22":{"name":"(anonymous_22)","decl":{"start":{"line":215,"column":2},"end":{"line":215,"column":3}},"loc":{"start":{"line":215,"column":23},"end":{"line":241,"column":3}},"line":215},"23":{"name":"(anonymous_23)","decl":{"start":{"line":216,"column":39},"end":{"line":216,"column":40}},"loc":{"start":{"line":217,"column":6},"end":{"line":217,"column":42}},"line":217},"24":{"name":"(anonymous_24)","decl":{"start":{"line":249,"column":2},"end":{"line":249,"column":3}},"loc":{"start":{"line":249,"column":29},"end":{"line":311,"column":3}},"line":249},"25":{"name":"(anonymous_25)","decl":{"start":{"line":318,"column":2},"end":{"line":318,"column":3}},"loc":{"start":{"line":318,"column":24},"end":{"line":326,"column":3}},"line":318}},"branchMap":{"0":{"loc":{"start":{"line":12,"column":14},"end":{"line":12,"column":26}},"type":"default-arg","locations":[{"start":{"line":12,"column":24},"end":{"line":12,"column":26}}],"line":12},"1":{"loc":{"start":{"line":50,"column":4},"end":{"line":53,"column":5}},"type":"if","locations":[{"start":{"line":50,"column":4},"end":{"line":53,"column":5}},{"start":{},"end":{}}],"line":50},"2":{"loc":{"start":{"line":55,"column":4},"end":{"line":57,"column":5}},"type":"if","locations":[{"start":{"line":55,"column":4},"end":{"line":57,"column":5}},{"start":{},"end":{}}],"line":55},"3":{"loc":{"start":{"line":59,"column":4},"end":{"line":65,"column":5}},"type":"if","locations":[{"start":{"line":59,"column":4},"end":{"line":65,"column":5}},{"start":{},"end":{}}],"line":59},"4":{"loc":{"start":{"line":101,"column":10},"end":{"line":101,"column":43}},"type":"if","locations":[{"start":{"line":101,"column":10},"end":{"line":101,"column":43}},{"start":{},"end":{}}],"line":101},"5":{"loc":{"start":{"line":106,"column":10},"end":{"line":106,"column":43}},"type":"if","locations":[{"start":{"line":106,"column":10},"end":{"line":106,"column":43}},{"start":{},"end":{}}],"line":106},"6":{"loc":{"start":{"line":115,"column":10},"end":{"line":128,"column":11}},"type":"if","locations":[{"start":{"line":115,"column":10},"end":{"line":128,"column":11}},{"start":{},"end":{}}],"line":115},"7":{"loc":{"start":{"line":115,"column":14},"end":{"line":115,"column":72}},"type":"binary-expr","locations":[{"start":{"line":115,"column":14},"end":{"line":115,"column":35}},{"start":{"line":115,"column":39},"end":{"line":115,"column":72}}],"line":115},"8":{"loc":{"start":{"line":117,"column":12},"end":{"line":127,"column":13}},"type":"if","locations":[{"start":{"line":117,"column":12},"end":{"line":127,"column":13}},{"start":{},"end":{}}],"line":117},"9":{"loc":{"start":{"line":118,"column":14},"end":{"line":126,"column":15}},"type":"if","locations":[{"start":{"line":118,"column":14},"end":{"line":126,"column":15}},{"start":{},"end":{}}],"line":118},"10":{"loc":{"start":{"line":118,"column":18},"end":{"line":118,"column":67}},"type":"binary-expr","locations":[{"start":{"line":118,"column":18},"end":{"line":118,"column":54}},{"start":{"line":118,"column":58},"end":{"line":118,"column":67}}],"line":118},"11":{"loc":{"start":{"line":121,"column":36},"end":{"line":121,"column":121}},"type":"cond-expr","locations":[{"start":{"line":121,"column":88},"end":{"line":121,"column":114}},{"start":{"line":121,"column":117},"end":{"line":121,"column":121}}],"line":121},"12":{"loc":{"start":{"line":121,"column":36},"end":{"line":121,"column":85}},"type":"binary-expr","locations":[{"start":{"line":121,"column":36},"end":{"line":121,"column":55}},{"start":{"line":121,"column":59},"end":{"line":121,"column":85}}],"line":121},"13":{"loc":{"start":{"line":122,"column":16},"end":{"line":125,"column":17}},"type":"if","locations":[{"start":{"line":122,"column":16},"end":{"line":125,"column":17}},{"start":{},"end":{}}],"line":122},"14":{"loc":{"start":{"line":122,"column":20},"end":{"line":123,"column":89}},"type":"binary-expr","locations":[{"start":{"line":122,"column":20},"end":{"line":122,"column":31}},{"start":{"line":122,"column":35},"end":{"line":122,"column":77}},{"start":{"line":123,"column":20},"end":{"line":123,"column":47}},{"start":{"line":123,"column":51},"end":{"line":123,"column":89}}],"line":122},"15":{"loc":{"start":{"line":131,"column":10},"end":{"line":137,"column":11}},"type":"if","locations":[{"start":{"line":131,"column":10},"end":{"line":137,"column":11}},{"start":{},"end":{}}],"line":131},"16":{"loc":{"start":{"line":133,"column":12},"end":{"line":135,"column":13}},"type":"if","locations":[{"start":{"line":133,"column":12},"end":{"line":135,"column":13}},{"start":{},"end":{}}],"line":133},"17":{"loc":{"start":{"line":133,"column":16},"end":{"line":133,"column":83}},"type":"binary-expr","locations":[{"start":{"line":133,"column":16},"end":{"line":133,"column":44}},{"start":{"line":133,"column":48},"end":{"line":133,"column":83}}],"line":133},"18":{"loc":{"start":{"line":142,"column":10},"end":{"line":142,"column":43}},"type":"if","locations":[{"start":{"line":142,"column":10},"end":{"line":142,"column":43}},{"start":{},"end":{}}],"line":142},"19":{"loc":{"start":{"line":147,"column":10},"end":{"line":147,"column":43}},"type":"if","locations":[{"start":{"line":147,"column":10},"end":{"line":147,"column":43}},{"start":{},"end":{}}],"line":147},"20":{"loc":{"start":{"line":165,"column":4},"end":{"line":167,"column":5}},"type":"if","locations":[{"start":{"line":165,"column":4},"end":{"line":167,"column":5}},{"start":{},"end":{}}],"line":165},"21":{"loc":{"start":{"line":165,"column":8},"end":{"line":165,"column":66}},"type":"binary-expr","locations":[{"start":{"line":165,"column":8},"end":{"line":165,"column":29}},{"start":{"line":165,"column":33},"end":{"line":165,"column":66}}],"line":165},"22":{"loc":{"start":{"line":172,"column":23},"end":{"line":172,"column":87}},"type":"binary-expr","locations":[{"start":{"line":172,"column":23},"end":{"line":172,"column":54}},{"start":{"line":172,"column":58},"end":{"line":172,"column":87}}],"line":172},"23":{"loc":{"start":{"line":174,"column":4},"end":{"line":176,"column":5}},"type":"if","locations":[{"start":{"line":174,"column":4},"end":{"line":176,"column":5}},{"start":{},"end":{}}],"line":174},"24":{"loc":{"start":{"line":182,"column":4},"end":{"line":184,"column":5}},"type":"if","locations":[{"start":{"line":182,"column":4},"end":{"line":184,"column":5}},{"start":{},"end":{}}],"line":182},"25":{"loc":{"start":{"line":190,"column":17},"end":{"line":190,"column":54}},"type":"cond-expr","locations":[{"start":{"line":190,"column":28},"end":{"line":190,"column":47}},{"start":{"line":190,"column":50},"end":{"line":190,"column":54}}],"line":190},"26":{"loc":{"start":{"line":199,"column":39},"end":{"line":199,"column":84}},"type":"binary-expr","locations":[{"start":{"line":199,"column":39},"end":{"line":199,"column":60}},{"start":{"line":199,"column":64},"end":{"line":199,"column":84}}],"line":199},"27":{"loc":{"start":{"line":225,"column":6},"end":{"line":234,"column":7}},"type":"if","locations":[{"start":{"line":225,"column":6},"end":{"line":234,"column":7}},{"start":{"line":232,"column":13},"end":{"line":234,"column":7}}],"line":225},"28":{"loc":{"start":{"line":228,"column":8},"end":{"line":231,"column":9}},"type":"if","locations":[{"start":{"line":228,"column":8},"end":{"line":231,"column":9}},{"start":{},"end":{}}],"line":228},"29":{"loc":{"start":{"line":230,"column":43},"end":{"line":230,"column":59}},"type":"binary-expr","locations":[{"start":{"line":230,"column":43},"end":{"line":230,"column":53}},{"start":{"line":230,"column":57},"end":{"line":230,"column":59}}],"line":230},"30":{"loc":{"start":{"line":232,"column":13},"end":{"line":234,"column":7}},"type":"if","locations":[{"start":{"line":232,"column":13},"end":{"line":234,"column":7}},{"start":{},"end":{}}],"line":232},"31":{"loc":{"start":{"line":232,"column":17},"end":{"line":232,"column":38}},"type":"binary-expr","locations":[{"start":{"line":232,"column":17},"end":{"line":232,"column":30}},{"start":{"line":232,"column":34},"end":{"line":232,"column":38}}],"line":232},"32":{"loc":{"start":{"line":259,"column":4},"end":{"line":271,"column":5}},"type":"if","locations":[{"start":{"line":259,"column":4},"end":{"line":271,"column":5}},{"start":{},"end":{}}],"line":259},"33":{"loc":{"start":{"line":264,"column":6},"end":{"line":270,"column":7}},"type":"if","locations":[{"start":{"line":264,"column":6},"end":{"line":270,"column":7}},{"start":{},"end":{}}],"line":264},"34":{"loc":{"start":{"line":266,"column":22},"end":{"line":266,"column":35}},"type":"binary-expr","locations":[{"start":{"line":266,"column":22},"end":{"line":266,"column":26}},{"start":{"line":266,"column":30},"end":{"line":266,"column":35}}],"line":266},"35":{"loc":{"start":{"line":274,"column":4},"end":{"line":280,"column":5}},"type":"if","locations":[{"start":{"line":274,"column":4},"end":{"line":280,"column":5}},{"start":{},"end":{}}],"line":274},"36":{"loc":{"start":{"line":274,"column":8},"end":{"line":274,"column":53}},"type":"binary-expr","locations":[{"start":{"line":274,"column":8},"end":{"line":274,"column":29}},{"start":{"line":274,"column":33},"end":{"line":274,"column":53}}],"line":274},"37":{"loc":{"start":{"line":276,"column":6},"end":{"line":279,"column":7}},"type":"if","locations":[{"start":{"line":276,"column":6},"end":{"line":279,"column":7}},{"start":{},"end":{}}],"line":276},"38":{"loc":{"start":{"line":283,"column":4},"end":{"line":291,"column":5}},"type":"if","locations":[{"start":{"line":283,"column":4},"end":{"line":291,"column":5}},{"start":{},"end":{}}],"line":283},"39":{"loc":{"start":{"line":286,"column":6},"end":{"line":290,"column":7}},"type":"if","locations":[{"start":{"line":286,"column":6},"end":{"line":290,"column":7}},{"start":{},"end":{}}],"line":286},"40":{"loc":{"start":{"line":289,"column":25},"end":{"line":289,"column":44}},"type":"binary-expr","locations":[{"start":{"line":289,"column":25},"end":{"line":289,"column":38}},{"start":{"line":289,"column":42},"end":{"line":289,"column":44}}],"line":289},"41":{"loc":{"start":{"line":294,"column":4},"end":{"line":303,"column":5}},"type":"if","locations":[{"start":{"line":294,"column":4},"end":{"line":303,"column":5}},{"start":{},"end":{}}],"line":294},"42":{"loc":{"start":{"line":298,"column":6},"end":{"line":302,"column":7}},"type":"if","locations":[{"start":{"line":298,"column":6},"end":{"line":302,"column":7}},{"start":{},"end":{}}],"line":298},"43":{"loc":{"start":{"line":299,"column":22},"end":{"line":299,"column":50}},"type":"binary-expr","locations":[{"start":{"line":299,"column":22},"end":{"line":299,"column":38}},{"start":{"line":299,"column":42},"end":{"line":299,"column":50}}],"line":299},"44":{"loc":{"start":{"line":306,"column":4},"end":{"line":308,"column":5}},"type":"if","locations":[{"start":{"line":306,"column":4},"end":{"line":308,"column":5}},{"start":{},"end":{}}],"line":306},"45":{"loc":{"start":{"line":307,"column":24},"end":{"line":307,"column":43}},"type":"binary-expr","locations":[{"start":{"line":307,"column":24},"end":{"line":307,"column":31}},{"start":{"line":307,"column":35},"end":{"line":307,"column":43}}],"line":307},"46":{"loc":{"start":{"line":319,"column":4},"end":{"line":321,"column":5}},"type":"if","locations":[{"start":{"line":319,"column":4},"end":{"line":321,"column":5}},{"start":{},"end":{}}],"line":319},"47":{"loc":{"start":{"line":322,"column":4},"end":{"line":324,"column":5}},"type":"if","locations":[{"start":{"line":322,"column":4},"end":{"line":324,"column":5}},{"start":{},"end":{}}],"line":322},"48":{"loc":{"start":{"line":323,"column":13},"end":{"line":323,"column":44}},"type":"binary-expr","locations":[{"start":{"line":323,"column":13},"end":{"line":323,"column":26}},{"start":{"line":323,"column":30},"end":{"line":323,"column":44}}],"line":323}},"s":{"0":2,"1":2,"2":2,"3":2,"4":2,"5":2,"6":28,"7":16,"8":16,"9":16,"10":16,"11":16,"12":16,"13":16,"14":0,"15":16,"16":19,"17":1,"18":19,"19":1,"20":18,"21":12,"22":6,"23":6,"24":6,"25":24,"26":6,"27":0,"28":16,"29":16,"30":16,"31":16,"32":18,"33":18,"34":17,"35":0,"36":0,"37":0,"38":1,"39":1,"40":1,"41":1,"42":1,"43":1,"44":1,"45":1,"46":1,"47":1,"48":1,"49":1,"50":1,"51":1,"52":1,"53":0,"54":0,"55":0,"56":0,"57":0,"58":0,"59":0,"60":16,"61":19,"62":0,"63":19,"64":19,"65":19,"66":0,"67":19,"68":19,"69":19,"70":20,"71":1,"72":18,"73":18,"74":18,"75":46,"76":46,"77":18,"78":43,"79":46,"80":45,"81":46,"82":2,"83":21,"84":116,"85":21,"86":21,"87":21,"88":21,"89":116,"90":53,"91":53,"92":53,"93":53,"94":53,"95":63,"96":21,"97":21,"98":58,"99":58,"100":12,"101":12,"102":12,"103":12,"104":12,"105":12,"106":12,"107":58,"108":9,"109":9,"110":9,"111":9,"112":58,"113":21,"114":21,"115":21,"116":21,"117":21,"118":58,"119":11,"120":11,"121":11,"122":11,"123":11,"124":58,"125":2,"126":58,"127":18,"128":17,"129":1,"130":0,"131":1,"132":2},"f":{"0":28,"1":16,"2":19,"3":1,"4":24,"5":16,"6":18,"7":0,"8":1,"9":0,"10":0,"11":19,"12":19,"13":20,"14":46,"15":46,"16":18,"17":43,"18":46,"19":45,"20":46,"21":2,"22":21,"23":116,"24":58,"25":18},"b":{"0":[28],"1":[1,18],"2":[12,6],"3":[6,0],"4":[17,1],"5":[0,0],"6":[1,0],"7":[1,0],"8":[1,0],"9":[1,0],"10":[1,1],"11":[1,0],"12":[1,1],"13":[1,0],"14":[1,1,1,1],"15":[1,0],"16":[1,0],"17":[1,1],"18":[0,0],"19":[0,0],"20":[0,19],"21":[19,19],"22":[19,19],"23":[0,19],"24":[1,18],"25":[18,0],"26":[46,39],"27":[53,63],"28":[53,0],"29":[53,0],"30":[21,42],"31":[63,42],"32":[12,46],"33":[12,0],"34":[12,1],"35":[9,49],"36":[58,49],"37":[9,0],"38":[21,37],"39":[21,0],"40":[21,20],"41":[11,47],"42":[11,0],"43":[11,2],"44":[2,56],"45":[2,0],"46":[17,1],"47":[0,1],"48":[0,0]},"_coverageSchema":"1a1c01bbd47fc00a2c39e90264f33305004495a9","hash":"a23ac315bf5af8e00668da7f934e16d1d7763dbe"}
,"/root/.openclaw/workspace/projects/api-doc-generator/src/server.js": {"path":"/root/.openclaw/workspace/projects/api-doc-generator/src/server.js","statementMap":{"0":{"start":{"line":1,"column":16},"end":{"line":1,"column":34}},"1":{"start":{"line":2,"column":13},"end":{"line":2,"column":28}},"2":{"start":{"line":3,"column":11},"end":{"line":3,"column":30}},"3":{"start":{"line":4,"column":17},"end":{"line":4,"column":36}},"4":{"start":{"line":5,"column":14},"end":{"line":5,"column":30}},"5":{"start":{"line":6,"column":13},"end":{"line":6,"column":28}},"6":{"start":{"line":7,"column":17},"end":{"line":7,"column":37}},"7":{"start":{"line":9,"column":19},"end":{"line":9,"column":38}},"8":{"start":{"line":10,"column":29},"end":{"line":10,"column":49}},"9":{"start":{"line":11,"column":26},"end":{"line":11,"column":48}},"10":{"start":{"line":18,"column":4},"end":{"line":28,"column":6}},"11":{"start":{"line":30,"column":4},"end":{"line":30,"column":25}},"12":{"start":{"line":31,"column":4},"end":{"line":31,"column":23}},"13":{"start":{"line":32,"column":4},"end":{"line":32,"column":19}},"14":{"start":{"line":33,"column":4},"end":{"line":33,"column":28}},"15":{"start":{"line":34,"column":4},"end":{"line":34,"column":31}},"16":{"start":{"line":35,"column":4},"end":{"line":37,"column":7}},"17":{"start":{"line":45,"column":4},"end":{"line":45,"column":28}},"18":{"start":{"line":48,"column":4},"end":{"line":48,"column":23}},"19":{"start":{"line":51,"column":4},"end":{"line":51,"column":46}},"20":{"start":{"line":52,"column":4},"end":{"line":57,"column":7}},"21":{"start":{"line":60,"column":4},"end":{"line":66,"column":7}},"22":{"start":{"line":61,"column":6},"end":{"line":61,"column":66}},"23":{"start":{"line":63,"column":6},"end":{"line":65,"column":9}},"24":{"start":{"line":64,"column":8},"end":{"line":64,"column":55}},"25":{"start":{"line":69,"column":4},"end":{"line":93,"column":7}},"26":{"start":{"line":70,"column":6},"end":{"line":92,"column":9}},"27":{"start":{"line":71,"column":8},"end":{"line":74,"column":9}},"28":{"start":{"line":72,"column":10},"end":{"line":72,"column":22}},"29":{"start":{"line":73,"column":10},"end":{"line":73,"column":17}},"30":{"start":{"line":76,"column":20},"end":{"line":76,"column":59}},"31":{"start":{"line":77,"column":8},"end":{"line":77,"column":82}},"32":{"start":{"line":78,"column":8},"end":{"line":78,"column":74}},"33":{"start":{"line":79,"column":8},"end":{"line":79,"column":61}},"34":{"start":{"line":82,"column":8},"end":{"line":84,"column":9}},"35":{"start":{"line":83,"column":10},"end":{"line":83,"column":32}},"36":{"start":{"line":87,"column":8},"end":{"line":89,"column":9}},"37":{"start":{"line":88,"column":10},"end":{"line":88,"column":30}},"38":{"start":{"line":91,"column":8},"end":{"line":91,"column":18}},"39":{"start":{"line":101,"column":4},"end":{"line":107,"column":7}},"40":{"start":{"line":102,"column":6},"end":{"line":106,"column":7}},"41":{"start":{"line":103,"column":8},"end":{"line":103,"column":41}},"42":{"start":{"line":105,"column":8},"end":{"line":105,"column":76}},"43":{"start":{"line":110,"column":4},"end":{"line":112,"column":7}},"44":{"start":{"line":111,"column":6},"end":{"line":111,"column":39}},"45":{"start":{"line":115,"column":4},"end":{"line":117,"column":7}},"46":{"start":{"line":116,"column":6},"end":{"line":116,"column":70}},"47":{"start":{"line":120,"column":26},"end":{"line":120,"column":52}},"48":{"start":{"line":121,"column":4},"end":{"line":121,"column":83}},"49":{"start":{"line":129,"column":21},"end":{"line":129,"column":62}},"50":{"start":{"line":131,"column":4},"end":{"line":254,"column":9}},"51":{"start":{"line":261,"column":20},"end":{"line":265,"column":6}},"52":{"start":{"line":267,"column":23},"end":{"line":267,"column":28}},"53":{"start":{"line":269,"column":4},"end":{"line":290,"column":7}},"54":{"start":{"line":270,"column":6},"end":{"line":270,"column":31}},"55":{"start":{"line":270,"column":24},"end":{"line":270,"column":31}},"56":{"start":{"line":271,"column":6},"end":{"line":271,"column":26}},"57":{"start":{"line":273,"column":6},"end":{"line":273,"column":94}},"58":{"start":{"line":274,"column":6},"end":{"line":274,"column":63}},"59":{"start":{"line":276,"column":6},"end":{"line":289,"column":7}},"60":{"start":{"line":277,"column":8},"end":{"line":277,"column":32}},"61":{"start":{"line":280,"column":8},"end":{"line":282,"column":9}},"62":{"start":{"line":281,"column":10},"end":{"line":281,"column":33}},"63":{"start":{"line":284,"column":8},"end":{"line":284,"column":60}},"64":{"start":{"line":286,"column":8},"end":{"line":286,"column":75}},"65":{"start":{"line":288,"column":8},"end":{"line":288,"column":29}},"66":{"start":{"line":292,"column":4},"end":{"line":308,"column":7}},"67":{"start":{"line":293,"column":6},"end":{"line":293,"column":31}},"68":{"start":{"line":293,"column":24},"end":{"line":293,"column":31}},"69":{"start":{"line":294,"column":6},"end":{"line":294,"column":26}},"70":{"start":{"line":296,"column":6},"end":{"line":296,"column":90}},"71":{"start":{"line":298,"column":6},"end":{"line":307,"column":7}},"72":{"start":{"line":299,"column":8},"end":{"line":299,"column":32}},"73":{"start":{"line":300,"column":8},"end":{"line":302,"column":9}},"74":{"start":{"line":301,"column":10},"end":{"line":301,"column":33}},"75":{"start":{"line":304,"column":8},"end":{"line":304,"column":62}},"76":{"start":{"line":306,"column":8},"end":{"line":306,"column":29}},"77":{"start":{"line":310,"column":4},"end":{"line":320,"column":7}},"78":{"start":{"line":311,"column":6},"end":{"line":311,"column":98}},"79":{"start":{"line":312,"column":6},"end":{"line":319,"column":7}},"80":{"start":{"line":313,"column":8},"end":{"line":313,"column":32}},"81":{"start":{"line":314,"column":8},"end":{"line":316,"column":9}},"82":{"start":{"line":315,"column":10},"end":{"line":315,"column":33}},"83":{"start":{"line":318,"column":8},"end":{"line":318,"column":62}},"84":{"start":{"line":327,"column":4},"end":{"line":341,"column":5}},"85":{"start":{"line":328,"column":25},"end":{"line":328,"column":72}},"86":{"start":{"line":330,"column":25},"end":{"line":335,"column":8}},"87":{"start":{"line":337,"column":6},"end":{"line":337,"column":57}},"88":{"start":{"line":339,"column":6},"end":{"line":339,"column":64}},"89":{"start":{"line":340,"column":6},"end":{"line":340,"column":18}},"90":{"start":{"line":349,"column":21},"end":{"line":349,"column":45}},"91":{"start":{"line":350,"column":21},"end":{"line":350,"column":37}},"92":{"start":{"line":353,"column":4},"end":{"line":362,"column":5}},"93":{"start":{"line":355,"column":8},"end":{"line":355,"column":34}},"94":{"start":{"line":356,"column":8},"end":{"line":356,"column":14}},"95":{"start":{"line":358,"column":8},"end":{"line":358,"column":35}},"96":{"start":{"line":359,"column":8},"end":{"line":359,"column":14}},"97":{"start":{"line":361,"column":8},"end":{"line":361,"column":38}},"98":{"start":{"line":364,"column":4},"end":{"line":368,"column":7}},"99":{"start":{"line":365,"column":6},"end":{"line":367,"column":7}},"100":{"start":{"line":366,"column":8},"end":{"line":366,"column":95}},"101":{"start":{"line":375,"column":4},"end":{"line":378,"column":5}},"102":{"start":{"line":376,"column":6},"end":{"line":376,"column":26}},"103":{"start":{"line":377,"column":6},"end":{"line":377,"column":25}},"104":{"start":{"line":379,"column":4},"end":{"line":382,"column":5}},"105":{"start":{"line":380,"column":6},"end":{"line":380,"column":22}},"106":{"start":{"line":381,"column":6},"end":{"line":381,"column":21}},"107":{"start":{"line":386,"column":0},"end":{"line":386,"column":31}}},"fnMap":{"0":{"name":"(anonymous_0)","decl":{"start":{"line":17,"column":2},"end":{"line":17,"column":3}},"loc":{"start":{"line":17,"column":28},"end":{"line":38,"column":3}},"line":17},"1":{"name":"(anonymous_1)","decl":{"start":{"line":43,"column":2},"end":{"line":43,"column":3}},"loc":{"start":{"line":43,"column":16},"end":{"line":94,"column":3}},"line":43},"2":{"name":"(anonymous_2)","decl":{"start":{"line":60,"column":29},"end":{"line":60,"column":30}},"loc":{"start":{"line":60,"column":41},"end":{"line":66,"column":5}},"line":60},"3":{"name":"(anonymous_3)","decl":{"start":{"line":63,"column":30},"end":{"line":63,"column":31}},"loc":{"start":{"line":63,"column":36},"end":{"line":65,"column":7}},"line":63},"4":{"name":"(anonymous_4)","decl":{"start":{"line":69,"column":23},"end":{"line":69,"column":24}},"loc":{"start":{"line":69,"column":44},"end":{"line":93,"column":5}},"line":69},"5":{"name":"(anonymous_5)","decl":{"start":{"line":70,"column":44},"end":{"line":70,"column":45}},"loc":{"start":{"line":70,"column":53},"end":{"line":92,"column":7}},"line":70},"6":{"name":"(anonymous_6)","decl":{"start":{"line":99,"column":2},"end":{"line":99,"column":3}},"loc":{"start":{"line":99,"column":16},"end":{"line":122,"column":3}},"line":99},"7":{"name":"(anonymous_7)","decl":{"start":{"line":101,"column":22},"end":{"line":101,"column":23}},"loc":{"start":{"line":101,"column":36},"end":{"line":107,"column":5}},"line":101},"8":{"name":"(anonymous_8)","decl":{"start":{"line":110,"column":31},"end":{"line":110,"column":32}},"loc":{"start":{"line":110,"column":45},"end":{"line":112,"column":5}},"line":110},"9":{"name":"(anonymous_9)","decl":{"start":{"line":115,"column":28},"end":{"line":115,"column":29}},"loc":{"start":{"line":115,"column":42},"end":{"line":117,"column":5}},"line":115},"10":{"name":"(anonymous_10)","decl":{"start":{"line":128,"column":2},"end":{"line":128,"column":3}},"loc":{"start":{"line":128,"column":20},"end":{"line":255,"column":3}},"line":128},"11":{"name":"(anonymous_11)","decl":{"start":{"line":260,"column":2},"end":{"line":260,"column":3}},"loc":{"start":{"line":260,"column":17},"end":{"line":321,"column":3}},"line":260},"12":{"name":"(anonymous_12)","decl":{"start":{"line":269,"column":25},"end":{"line":269,"column":26}},"loc":{"start":{"line":269,"column":45},"end":{"line":290,"column":5}},"line":269},"13":{"name":"(anonymous_13)","decl":{"start":{"line":292,"column":22},"end":{"line":292,"column":23}},"loc":{"start":{"line":292,"column":42},"end":{"line":308,"column":5}},"line":292},"14":{"name":"(anonymous_14)","decl":{"start":{"line":310,"column":25},"end":{"line":310,"column":26}},"loc":{"start":{"line":310,"column":45},"end":{"line":320,"column":5}},"line":310},"15":{"name":"(anonymous_15)","decl":{"start":{"line":326,"column":2},"end":{"line":326,"column":3}},"loc":{"start":{"line":326,"column":21},"end":{"line":342,"column":3}},"line":326},"16":{"name":"(anonymous_16)","decl":{"start":{"line":348,"column":2},"end":{"line":348,"column":3}},"loc":{"start":{"line":348,"column":19},"end":{"line":369,"column":3}},"line":348},"17":{"name":"(anonymous_17)","decl":{"start":{"line":364,"column":18},"end":{"line":364,"column":19}},"loc":{"start":{"line":364,"column":27},"end":{"line":368,"column":5}},"line":364},"18":{"name":"(anonymous_18)","decl":{"start":{"line":374,"column":2},"end":{"line":374,"column":3}},"loc":{"start":{"line":374,"column":9},"end":{"line":383,"column":3}},"line":374}},"branchMap":{"0":{"loc":{"start":{"line":17,"column":14},"end":{"line":17,"column":26}},"type":"default-arg","locations":[{"start":{"line":17,"column":24},"end":{"line":17,"column":26}}],"line":17},"1":{"loc":{"start":{"line":71,"column":8},"end":{"line":74,"column":9}},"type":"if","locations":[{"start":{"line":71,"column":8},"end":{"line":74,"column":9}},{"start":{},"end":{}}],"line":71},"2":{"loc":{"start":{"line":82,"column":8},"end":{"line":84,"column":9}},"type":"if","locations":[{"start":{"line":82,"column":8},"end":{"line":84,"column":9}},{"start":{},"end":{}}],"line":82},"3":{"loc":{"start":{"line":87,"column":8},"end":{"line":89,"column":9}},"type":"if","locations":[{"start":{"line":87,"column":8},"end":{"line":89,"column":9}},{"start":{},"end":{}}],"line":87},"4":{"loc":{"start":{"line":102,"column":6},"end":{"line":106,"column":7}},"type":"if","locations":[{"start":{"line":102,"column":6},"end":{"line":106,"column":7}},{"start":{"line":104,"column":13},"end":{"line":106,"column":7}}],"line":102},"5":{"loc":{"start":{"line":111,"column":15},"end":{"line":111,"column":37}},"type":"binary-expr","locations":[{"start":{"line":111,"column":15},"end":{"line":111,"column":31}},{"start":{"line":111,"column":35},"end":{"line":111,"column":37}}],"line":111},"6":{"loc":{"start":{"line":270,"column":6},"end":{"line":270,"column":31}},"type":"if","locations":[{"start":{"line":270,"column":6},"end":{"line":270,"column":31}},{"start":{},"end":{}}],"line":270},"7":{"loc":{"start":{"line":280,"column":8},"end":{"line":282,"column":9}},"type":"if","locations":[{"start":{"line":280,"column":8},"end":{"line":282,"column":9}},{"start":{},"end":{}}],"line":280},"8":{"loc":{"start":{"line":293,"column":6},"end":{"line":293,"column":31}},"type":"if","locations":[{"start":{"line":293,"column":6},"end":{"line":293,"column":31}},{"start":{},"end":{}}],"line":293},"9":{"loc":{"start":{"line":300,"column":8},"end":{"line":302,"column":9}},"type":"if","locations":[{"start":{"line":300,"column":8},"end":{"line":302,"column":9}},{"start":{},"end":{}}],"line":300},"10":{"loc":{"start":{"line":314,"column":8},"end":{"line":316,"column":9}},"type":"if","locations":[{"start":{"line":314,"column":8},"end":{"line":316,"column":9}},{"start":{},"end":{}}],"line":314},"11":{"loc":{"start":{"line":334,"column":17},"end":{"line":334,"column":80}},"type":"binary-expr","locations":[{"start":{"line":334,"column":17},"end":{"line":334,"column":37}},{"start":{"line":334,"column":41},"end":{"line":334,"column":80}}],"line":334},"12":{"loc":{"start":{"line":353,"column":4},"end":{"line":362,"column":5}},"type":"switch","locations":[{"start":{"line":354,"column":6},"end":{"line":356,"column":14}},{"start":{"line":357,"column":6},"end":{"line":359,"column":14}},{"start":{"line":360,"column":6},"end":{"line":361,"column":38}}],"line":353},"13":{"loc":{"start":{"line":365,"column":6},"end":{"line":367,"column":7}},"type":"if","locations":[{"start":{"line":365,"column":6},"end":{"line":367,"column":7}},{"start":{},"end":{}}],"line":365},"14":{"loc":{"start":{"line":375,"column":4},"end":{"line":378,"column":5}},"type":"if","locations":[{"start":{"line":375,"column":4},"end":{"line":378,"column":5}},{"start":{},"end":{}}],"line":375},"15":{"loc":{"start":{"line":379,"column":4},"end":{"line":382,"column":5}},"type":"if","locations":[{"start":{"line":379,"column":4},"end":{"line":382,"column":5}},{"start":{},"end":{}}],"line":379}},"s":{"0":1,"1":1,"2":1,"3":1,"4":1,"5":1,"6":1,"7":1,"8":1,"9":1,"10":7,"11":7,"12":7,"13":7,"14":7,"15":7,"16":7,"17":0,"18":0,"19":0,"20":0,"21":0,"22":0,"23":0,"24":0,"25":0,"26":0,"27":0,"28":0,"29":0,"30":0,"31":0,"32":0,"33":0,"34":0,"35":0,"36":0,"37":0,"38":0,"39":0,"40":0,"41":0,"42":0,"43":0,"44":0,"45":0,"46":0,"47":0,"48":0,"49":3,"50":3,"51":0,"52":0,"53":0,"54":0,"55":0,"56":0,"57":0,"58":0,"59":0,"60":0,"61":0,"62":0,"63":0,"64":0,"65":0,"66":0,"67":0,"68":0,"69":0,"70":0,"71":0,"72":0,"73":0,"74":0,"75":0,"76":0,"77":0,"78":0,"79":0,"80":0,"81":0,"82":0,"83":0,"84":5,"85":5,"86":5,"87":5,"88":0,"89":0,"90":0,"91":0,"92":0,"93":0,"94":0,"95":0,"96":0,"97":0,"98":0,"99":0,"100":0,"101":7,"102":0,"103":0,"104":7,"105":0,"106":0,"107":1},"f":{"0":7,"1":0,"2":0,"3":0,"4":0,"5":0,"6":0,"7":0,"8":0,"9":0,"10":3,"11":0,"12":0,"13":0,"14":0,"15":5,"16":0,"17":0,"18":7},"b":{"0":[0],"1":[0,0],"2":[0,0],"3":[0,0],"4":[0,0],"5":[0,0],"6":[0,0],"7":[0,0],"8":[0,0],"9":[0,0],"10":[0,0],"11":[5,5],"12":[0,0,0],"13":[0,0],"14":[0,7],"15":[0,7]},"_coverageSchema":"1a1c01bbd47fc00a2c39e90264f33305004495a9","hash":"4df2cd1c2aa070855ed6d477469ae9f159ae0918"}
,"/root/.openclaw/workspace/projects/api-doc-generator/src/validator.js": {"path":"/root/.openclaw/workspace/projects/api-doc-generator/src/validator.js","statementMap":{"0":{"start":{"line":12,"column":18},"end":{"line":16,"column":3}},"1":{"start":{"line":18,"column":2},"end":{"line":20,"column":3}},"2":{"start":{"line":19,"column":4},"end":{"line":19,"column":42}},"3":{"start":{"line":22,"column":2},"end":{"line":22,"column":46}},"4":{"start":{"line":23,"column":2},"end":{"line":23,"column":17}},"5":{"start":{"line":33,"column":21},"end":{"line":33,"column":28}},"6":{"start":{"line":36,"column":2},"end":{"line":43,"column":3}},"7":{"start":{"line":37,"column":4},"end":{"line":41,"column":7}},"8":{"start":{"line":42,"column":4},"end":{"line":42,"column":11}},"9":{"start":{"line":46,"column":23},"end":{"line":46,"column":83}},"10":{"start":{"line":47,"column":2},"end":{"line":53,"column":3}},"11":{"start":{"line":48,"column":4},"end":{"line":52,"column":7}},"12":{"start":{"line":56,"column":2},"end":{"line":62,"column":3}},"13":{"start":{"line":57,"column":4},"end":{"line":61,"column":7}},"14":{"start":{"line":65,"column":2},"end":{"line":71,"column":3}},"15":{"start":{"line":66,"column":4},"end":{"line":70,"column":7}},"16":{"start":{"line":74,"column":21},"end":{"line":74,"column":56}},"17":{"start":{"line":77,"column":2},"end":{"line":86,"column":3}},"18":{"start":{"line":78,"column":21},"end":{"line":78,"column":65}},"19":{"start":{"line":78,"column":44},"end":{"line":78,"column":64}},"20":{"start":{"line":79,"column":4},"end":{"line":85,"column":5}},"21":{"start":{"line":80,"column":6},"end":{"line":84,"column":9}},"22":{"start":{"line":89,"column":2},"end":{"line":105,"column":3}},"23":{"start":{"line":90,"column":4},"end":{"line":96,"column":5}},"24":{"start":{"line":91,"column":6},"end":{"line":95,"column":9}},"25":{"start":{"line":98,"column":4},"end":{"line":104,"column":5}},"26":{"start":{"line":99,"column":6},"end":{"line":103,"column":9}},"27":{"start":{"line":108,"column":2},"end":{"line":114,"column":3}},"28":{"start":{"line":109,"column":4},"end":{"line":113,"column":7}},"29":{"start":{"line":117,"column":2},"end":{"line":133,"column":3}},"30":{"start":{"line":118,"column":4},"end":{"line":124,"column":5}},"31":{"start":{"line":119,"column":6},"end":{"line":123,"column":9}},"32":{"start":{"line":126,"column":4},"end":{"line":132,"column":5}},"33":{"start":{"line":127,"column":6},"end":{"line":131,"column":9}},"34":{"start":{"line":136,"column":2},"end":{"line":142,"column":3}},"35":{"start":{"line":137,"column":4},"end":{"line":141,"column":7}},"36":{"start":{"line":145,"column":2},"end":{"line":154,"column":3}},"37":{"start":{"line":146,"column":32},"end":{"line":146,"column":78}},"38":{"start":{"line":147,"column":4},"end":{"line":153,"column":5}},"39":{"start":{"line":148,"column":6},"end":{"line":152,"column":9}},"40":{"start":{"line":163,"column":17},"end":{"line":163,"column":19}},"41":{"start":{"line":164,"column":16},"end":{"line":164,"column":32}},"42":{"start":{"line":166,"column":2},"end":{"line":168,"column":3}},"43":{"start":{"line":167,"column":4},"end":{"line":167,"column":26}},"44":{"start":{"line":169,"column":2},"end":{"line":169,"column":16}},"45":{"start":{"line":172,"column":0},"end":{"line":175,"column":2}}},"fnMap":{"0":{"name":"validateAnnotations","decl":{"start":{"line":11,"column":9},"end":{"line":11,"column":28}},"loc":{"start":{"line":11,"column":55},"end":{"line":24,"column":1}},"line":11},"1":{"name":"validateRoute","decl":{"start":{"line":32,"column":9},"end":{"line":32,"column":22}},"loc":{"start":{"line":32,"column":48},"end":{"line":155,"column":1}},"line":32},"2":{"name":"(anonymous_2)","decl":{"start":{"line":78,"column":39},"end":{"line":78,"column":40}},"loc":{"start":{"line":78,"column":44},"end":{"line":78,"column":64}},"line":78},"3":{"name":"extractPathParams","decl":{"start":{"line":162,"column":9},"end":{"line":162,"column":26}},"loc":{"start":{"line":162,"column":33},"end":{"line":170,"column":1}},"line":162}},"branchMap":{"0":{"loc":{"start":{"line":11,"column":41},"end":{"line":11,"column":53}},"type":"default-arg","locations":[{"start":{"line":11,"column":51},"end":{"line":11,"column":53}}],"line":11},"1":{"loc":{"start":{"line":36,"column":2},"end":{"line":43,"column":3}},"type":"if","locations":[{"start":{"line":36,"column":2},"end":{"line":43,"column":3}},{"start":{},"end":{}}],"line":36},"2":{"loc":{"start":{"line":47,"column":2},"end":{"line":53,"column":3}},"type":"if","locations":[{"start":{"line":47,"column":2},"end":{"line":53,"column":3}},{"start":{},"end":{}}],"line":47},"3":{"loc":{"start":{"line":47,"column":6},"end":{"line":47,"column":85}},"type":"binary-expr","locations":[{"start":{"line":47,"column":6},"end":{"line":47,"column":25}},{"start":{"line":47,"column":29},"end":{"line":47,"column":85}}],"line":47},"4":{"loc":{"start":{"line":56,"column":2},"end":{"line":62,"column":3}},"type":"if","locations":[{"start":{"line":56,"column":2},"end":{"line":62,"column":3}},{"start":{},"end":{}}],"line":56},"5":{"loc":{"start":{"line":56,"column":6},"end":{"line":56,"column":60}},"type":"binary-expr","locations":[{"start":{"line":56,"column":6},"end":{"line":56,"column":23}},{"start":{"line":56,"column":27},"end":{"line":56,"column":60}}],"line":56},"6":{"loc":{"start":{"line":65,"column":2},"end":{"line":71,"column":3}},"type":"if","locations":[{"start":{"line":65,"column":2},"end":{"line":71,"column":3}},{"start":{},"end":{}}],"line":65},"7":{"loc":{"start":{"line":79,"column":4},"end":{"line":85,"column":5}},"type":"if","locations":[{"start":{"line":79,"column":4},"end":{"line":85,"column":5}},{"start":{},"end":{}}],"line":79},"8":{"loc":{"start":{"line":90,"column":4},"end":{"line":96,"column":5}},"type":"if","locations":[{"start":{"line":90,"column":4},"end":{"line":96,"column":5}},{"start":{},"end":{}}],"line":90},"9":{"loc":{"start":{"line":98,"column":4},"end":{"line":104,"column":5}},"type":"if","locations":[{"start":{"line":98,"column":4},"end":{"line":104,"column":5}},{"start":{},"end":{}}],"line":98},"10":{"loc":{"start":{"line":98,"column":8},"end":{"line":98,"column":36}},"type":"binary-expr","locations":[{"start":{"line":98,"column":8},"end":{"line":98,"column":26}},{"start":{"line":98,"column":30},"end":{"line":98,"column":36}}],"line":98},"11":{"loc":{"start":{"line":108,"column":2},"end":{"line":114,"column":3}},"type":"if","locations":[{"start":{"line":108,"column":2},"end":{"line":114,"column":3}},{"start":{},"end":{}}],"line":108},"12":{"loc":{"start":{"line":118,"column":4},"end":{"line":124,"column":5}},"type":"if","locations":[{"start":{"line":118,"column":4},"end":{"line":124,"column":5}},{"start":{},"end":{}}],"line":118},"13":{"loc":{"start":{"line":118,"column":8},"end":{"line":118,"column":68}},"type":"binary-expr","locations":[{"start":{"line":118,"column":8},"end":{"line":118,"column":22}},{"start":{"line":118,"column":26},"end":{"line":118,"column":45}},{"start":{"line":118,"column":49},"end":{"line":118,"column":68}}],"line":118},"14":{"loc":{"start":{"line":126,"column":4},"end":{"line":132,"column":5}},"type":"if","locations":[{"start":{"line":126,"column":4},"end":{"line":132,"column":5}},{"start":{},"end":{}}],"line":126},"15":{"loc":{"start":{"line":136,"column":2},"end":{"line":142,"column":3}},"type":"if","locations":[{"start":{"line":136,"column":2},"end":{"line":142,"column":3}},{"start":{},"end":{}}],"line":136},"16":{"loc":{"start":{"line":136,"column":6},"end":{"line":136,"column":30}},"type":"binary-expr","locations":[{"start":{"line":136,"column":6},"end":{"line":136,"column":20}},{"start":{"line":136,"column":24},"end":{"line":136,"column":30}}],"line":136},"17":{"loc":{"start":{"line":145,"column":2},"end":{"line":154,"column":3}},"type":"if","locations":[{"start":{"line":145,"column":2},"end":{"line":154,"column":3}},{"start":{},"end":{}}],"line":145},"18":{"loc":{"start":{"line":147,"column":4},"end":{"line":153,"column":5}},"type":"if","locations":[{"start":{"line":147,"column":4},"end":{"line":153,"column":5}},{"start":{},"end":{}}],"line":147}},"s":{"0":2,"1":2,"2":2,"3":2,"4":2,"5":22,"6":22,"7":1,"8":1,"9":21,"10":21,"11":1,"12":21,"13":1,"14":21,"15":0,"16":21,"17":21,"18":2,"19":1,"20":2,"21":1,"22":21,"23":2,"24":1,"25":2,"26":0,"27":21,"28":2,"29":21,"30":19,"31":0,"32":19,"33":0,"34":21,"35":1,"36":21,"37":6,"38":6,"39":1,"40":21,"41":21,"42":21,"43":2,"44":21,"45":1},"f":{"0":2,"1":22,"2":1,"3":21},"b":{"0":[2],"1":[1,21],"2":[1,20],"3":[21,21],"4":[1,20],"5":[21,21],"6":[0,21],"7":[1,1],"8":[1,1],"9":[0,2],"10":[2,0],"11":[2,19],"12":[0,19],"13":[19,19,19],"14":[0,19],"15":[1,20],"16":[21,21],"17":[6,15],"18":[1,5]},"_coverageSchema":"1a1c01bbd47fc00a2c39e90264f33305004495a9","hash":"1b313c3a4680b2a5fad4386a65c742869f7035fe"}
}
