TN:
SF:src/generator.js
FN:10,(anonymous_0)
FN:23,(anonymous_1)
FN:42,(anonymous_2)
FN:147,(anonymous_3)
FN:177,(anonymous_4)
FNF:5
FNH:5
FNDA:13,(anonymous_0)
FNDA:4,(anonymous_1)
FNDA:6,(anonymous_2)
FNDA:4,(anonymous_3)
FNDA:18,(anonymous_4)
DA:1,2
DA:2,2
DA:3,2
DA:11,13
DA:24,4
DA:27,4
DA:28,4
DA:31,4
DA:34,4
DA:43,6
DA:44,6
DA:45,6
DA:46,6
DA:47,6
DA:49,6
DA:50,6
DA:51,6
DA:52,6
DA:53,6
DA:54,6
DA:55,6
DA:56,6
DA:57,6
DA:58,6
DA:59,6
DA:60,6
DA:61,6
DA:62,6
DA:63,6
DA:64,6
DA:65,6
DA:66,6
DA:67,6
DA:68,6
DA:69,6
DA:70,6
DA:71,6
DA:72,6
DA:73,6
DA:74,6
DA:75,6
DA:76,6
DA:77,6
DA:78,6
DA:79,6
DA:80,6
DA:81,6
DA:82,6
DA:83,6
DA:84,6
DA:85,6
DA:86,6
DA:87,6
DA:88,6
DA:89,6
DA:90,6
DA:91,6
DA:92,6
DA:93,6
DA:94,6
DA:95,0
DA:97,6
DA:98,6
DA:99,6
DA:100,6
DA:101,6
DA:102,6
DA:103,6
DA:104,6
DA:105,6
DA:106,6
DA:107,6
DA:108,6
DA:109,6
DA:110,6
DA:111,6
DA:112,6
DA:113,6
DA:114,6
DA:115,6
DA:116,6
DA:117,6
DA:118,6
DA:119,6
DA:120,6
DA:121,6
DA:122,6
DA:123,6
DA:124,6
DA:125,6
DA:126,6
DA:127,6
DA:128,6
DA:129,6
DA:130,6
DA:131,6
DA:132,6
DA:133,6
DA:134,6
DA:135,6
DA:136,6
DA:137,6
DA:138,6
DA:140,6
DA:148,4
DA:150,4
DA:158,4
DA:159,20
DA:160,20
DA:162,20
DA:163,20
DA:164,20
DA:167,0
DA:178,18
DA:179,12
DA:188,2
LF:116
LH:114
BRDA:10,0,0,0
BRDA:12,1,0,13
BRDA:12,1,1,0
BRDA:13,2,0,13
BRDA:13,2,1,13
BRDA:44,3,0,6
BRDA:44,3,1,0
BRDA:45,4,0,6
BRDA:45,4,1,6
BRDA:46,5,0,6
BRDA:46,5,1,0
BRDA:47,6,0,0
BRDA:47,6,1,6
BRDA:47,7,0,6
BRDA:47,7,1,0
BRDA:90,8,0,6
BRDA:90,8,1,6
BRDA:94,9,0,0
BRDA:94,9,1,6
BRDA:163,10,0,20
BRDA:163,10,1,0
BRDA:178,11,0,6
BRDA:178,11,1,12
BRF:23
BRH:15
end_of_record
TN:
SF:src/openapi.js
FN:7,(anonymous_0)
FN:22,(anonymous_1)
FN:64,(anonymous_2)
FN:66,(anonymous_3)
FN:69,(anonymous_4)
FN:79,(anonymous_5)
FN:98,(anonymous_6)
FN:183,(anonymous_7)
FN:188,(anonymous_8)
FN:189,(anonymous_9)
FN:199,(anonymous_10)
FN:216,(anonymous_11)
FN:233,(anonymous_12)
FN:250,(anonymous_13)
FN:285,(anonymous_14)
FN:329,(anonymous_15)
FN:332,(anonymous_16)
FN:359,(anonymous_17)
FN:376,(anonymous_18)
FNF:19
FNH:15
FNDA:14,(anonymous_0)
FNDA:14,(anonymous_1)
FNDA:16,(anonymous_2)
FNDA:4,(anonymous_3)
FNDA:4,(anonymous_4)
FNDA:14,(anonymous_5)
FNDA:16,(anonymous_6)
FNDA:16,(anonymous_7)
FNDA:33,(anonymous_8)
FNDA:16,(anonymous_9)
FNDA:16,(anonymous_10)
FNDA:3,(anonymous_11)
FNDA:2,(anonymous_12)
FNDA:12,(anonymous_13)
FNDA:12,(anonymous_14)
FNDA:0,(anonymous_15)
FNDA:0,(anonymous_16)
FNDA:0,(anonymous_17)
FNDA:0,(anonymous_18)
DA:8,14
DA:23,14
DA:45,14
DA:48,14
DA:49,15
DA:51,15
DA:52,16
DA:53,16
DA:56,16
DA:57,0
DA:63,14
DA:64,14
DA:65,16
DA:66,16
DA:69,14
DA:71,14
DA:80,14
DA:82,14
DA:83,16
DA:84,16
DA:85,15
DA:87,16
DA:90,14
DA:99,16
DA:111,16
DA:114,16
DA:115,3
DA:116,3
DA:118,0
DA:119,0
DA:132,0
DA:137,3
DA:142,16
DA:143,8
DA:144,9
DA:155,8
DA:166,16
DA:167,0
DA:168,0
DA:175,16
DA:184,16
DA:185,16
DA:188,33
DA:189,16
DA:191,16
DA:200,16
DA:202,16
DA:204,16
DA:205,1
DA:207,16
DA:217,3
DA:219,3
DA:235,2
DA:236,0
DA:238,2
DA:239,0
DA:242,2
DA:251,12
DA:253,12
DA:267,12
DA:268,0
DA:272,12
DA:273,0
DA:274,0
DA:277,12
DA:286,12
DA:287,0
DA:291,12
DA:292,0
DA:293,0
DA:300,12
DA:301,0
DA:302,0
DA:309,12
DA:311,12
DA:320,12
DA:321,12
DA:325,0
DA:326,0
DA:327,0
DA:328,0
DA:329,0
DA:331,0
DA:332,0
DA:333,0
DA:334,0
DA:338,0
DA:343,0
DA:348,0
DA:360,0
DA:368,0
DA:377,0
DA:378,0
DA:380,0
DA:381,0
DA:384,0
DA:389,0
DA:391,0
DA:395,0
DA:397,0
DA:402,0
DA:404,0
DA:413,2
LF:103
LH:62
BRDA:7,0,0,0
BRDA:9,1,0,14
BRDA:9,1,1,0
BRDA:10,2,0,14
BRDA:10,2,1,0
BRDA:11,3,0,14
BRDA:11,3,1,5
BRDA:12,4,0,14
BRDA:12,4,1,0
BRDA:56,5,0,0
BRDA:56,5,1,16
BRDA:65,6,0,16
BRDA:65,6,1,0
BRDA:84,7,0,15
BRDA:84,7,1,1
BRDA:100,8,0,16
BRDA:100,8,1,14
BRDA:101,9,0,16
BRDA:101,9,1,0
BRDA:103,10,0,16
BRDA:103,10,1,0
BRDA:116,11,0,0
BRDA:116,11,1,3
BRDA:118,12,0,0
BRDA:118,12,1,0
BRDA:142,13,0,8
BRDA:142,13,1,8
BRDA:142,14,0,16
BRDA:142,14,1,16
BRDA:145,15,0,9
BRDA:145,15,1,0
BRDA:159,16,0,0
BRDA:159,16,1,8
BRDA:166,17,0,0
BRDA:166,17,1,16
BRDA:188,18,0,33
BRDA:188,18,1,17
BRDA:216,19,0,0
BRDA:217,20,0,1
BRDA:217,20,1,2
BRDA:222,21,0,1
BRDA:222,21,1,2
BRDA:223,22,0,3
BRDA:223,22,1,1
BRDA:235,23,0,0
BRDA:235,23,1,2
BRDA:238,24,0,0
BRDA:238,24,1,2
BRDA:238,25,0,2
BRDA:238,25,1,2
BRDA:251,26,0,0
BRDA:251,26,1,12
BRDA:267,27,0,0
BRDA:267,27,1,12
BRDA:267,28,0,12
BRDA:267,28,1,12
BRDA:272,29,0,0
BRDA:272,29,1,12
BRDA:274,30,0,0
BRDA:274,30,1,0
BRDA:277,31,0,12
BRDA:277,31,1,0
BRDA:286,32,0,0
BRDA:286,32,1,12
BRDA:291,33,0,0
BRDA:291,33,1,12
BRDA:300,34,0,0
BRDA:300,34,1,12
BRDA:300,35,0,12
BRDA:300,35,1,0
BRDA:320,36,0,12
BRDA:320,36,1,0
BRDA:325,37,0,0
BRDA:325,37,1,0
BRDA:325,38,0,0
BRDA:325,38,1,0
BRDA:333,39,0,0
BRDA:333,39,1,0
BRDA:333,40,0,0
BRDA:333,40,1,0
BRDA:368,41,0,0
BRDA:368,41,1,0
BRDA:377,42,0,0
BRDA:377,42,1,0
BRDA:380,43,0,0
BRDA:380,43,1,0
BRDA:381,44,0,0
BRDA:381,44,1,0
BRDA:381,44,2,0
BRDA:381,44,3,0
BRDA:381,44,4,0
BRF:91
BRH:44
end_of_record
TN:
SF:src/parser.js
FN:12,(anonymous_0)
FN:25,(anonymous_1)
FN:47,(anonymous_2)
FN:48,(anonymous_3)
FN:62,(anonymous_4)
FN:76,(anonymous_5)
FN:99,(anonymous_6)
FN:104,(anonymous_7)
FN:109,(anonymous_8)
FN:140,(anonymous_9)
FN:145,(anonymous_10)
FN:164,(anonymous_11)
FN:172,(anonymous_12)
FN:182,(anonymous_13)
FN:198,(anonymous_14)
FN:199,(anonymous_15)
FN:200,(anonymous_16)
FN:201,(anonymous_17)
FN:202,(anonymous_18)
FN:203,(anonymous_19)
FN:205,(anonymous_20)
FN:206,(anonymous_21)
FN:215,(anonymous_22)
FN:216,(anonymous_23)
FN:249,(anonymous_24)
FN:318,(anonymous_25)
FNF:26
FNH:23
FNDA:28,(anonymous_0)
FNDA:16,(anonymous_1)
FNDA:19,(anonymous_2)
FNDA:1,(anonymous_3)
FNDA:24,(anonymous_4)
FNDA:16,(anonymous_5)
FNDA:18,(anonymous_6)
FNDA:0,(anonymous_7)
FNDA:1,(anonymous_8)
FNDA:0,(anonymous_9)
FNDA:0,(anonymous_10)
FNDA:19,(anonymous_11)
FNDA:19,(anonymous_12)
FNDA:20,(anonymous_13)
FNDA:46,(anonymous_14)
FNDA:46,(anonymous_15)
FNDA:18,(anonymous_16)
FNDA:43,(anonymous_17)
FNDA:46,(anonymous_18)
FNDA:45,(anonymous_19)
FNDA:46,(anonymous_20)
FNDA:2,(anonymous_21)
FNDA:21,(anonymous_22)
FNDA:116,(anonymous_23)
FNDA:58,(anonymous_24)
FNDA:18,(anonymous_25)
DA:1,2
DA:2,2
DA:3,2
DA:4,2
DA:5,2
DA:6,2
DA:13,28
DA:26,16
DA:27,16
DA:29,16
DA:30,16
DA:31,16
DA:32,16
DA:33,16
DA:35,0
DA:39,16
DA:48,19
DA:50,19
DA:52,1
DA:55,18
DA:56,12
DA:59,6
DA:60,6
DA:61,6
DA:62,24
DA:64,6
DA:67,0
DA:77,16
DA:79,16
DA:80,16
DA:97,16
DA:100,18
DA:101,18
DA:105,0
DA:106,0
DA:111,1
DA:112,1
DA:115,1
DA:116,1
DA:117,1
DA:118,1
DA:119,1
DA:121,1
DA:122,1
DA:124,1
DA:130,1
DA:131,1
DA:133,1
DA:134,1
DA:136,1
DA:141,0
DA:142,0
DA:146,0
DA:147,0
DA:151,0
DA:154,16
DA:165,19
DA:166,0
DA:170,19
DA:172,19
DA:174,19
DA:175,0
DA:178,19
DA:179,19
DA:182,20
DA:183,1
DA:187,18
DA:190,18
DA:192,18
DA:198,46
DA:199,46
DA:200,18
DA:201,43
DA:202,46
DA:203,45
DA:205,46
DA:206,2
DA:216,21
DA:217,116
DA:220,21
DA:221,21
DA:222,21
DA:224,21
DA:225,116
DA:226,53
DA:227,53
DA:228,53
DA:229,53
DA:230,53
DA:232,63
DA:233,21
DA:237,21
DA:250,58
DA:259,58
DA:263,12
DA:264,12
DA:265,12
DA:266,12
DA:267,12
DA:268,12
DA:269,12
DA:274,58
DA:275,9
DA:276,9
DA:277,9
DA:278,9
DA:283,58
DA:285,21
DA:286,21
DA:287,21
DA:288,21
DA:289,21
DA:294,58
DA:297,11
DA:298,11
DA:299,11
DA:300,11
DA:301,11
DA:306,58
DA:307,2
DA:310,58
DA:319,18
DA:320,17
DA:322,1
DA:323,0
DA:325,1
DA:329,2
LF:127
LH:115
BRDA:12,0,0,28
BRDA:50,1,0,1
BRDA:50,1,1,18
BRDA:55,2,0,12
BRDA:55,2,1,6
BRDA:59,3,0,6
BRDA:59,3,1,0
BRDA:101,4,0,17
BRDA:101,4,1,1
BRDA:106,5,0,0
BRDA:106,5,1,0
BRDA:115,6,0,1
BRDA:115,6,1,0
BRDA:115,7,0,1
BRDA:115,7,1,0
BRDA:117,8,0,1
BRDA:117,8,1,0
BRDA:118,9,0,1
BRDA:118,9,1,0
BRDA:118,10,0,1
BRDA:118,10,1,1
BRDA:121,11,0,1
BRDA:121,11,1,0
BRDA:121,12,0,1
BRDA:121,12,1,1
BRDA:122,13,0,1
BRDA:122,13,1,0
BRDA:122,14,0,1
BRDA:122,14,1,1
BRDA:122,14,2,1
BRDA:122,14,3,1
BRDA:131,15,0,1
BRDA:131,15,1,0
BRDA:133,16,0,1
BRDA:133,16,1,0
BRDA:133,17,0,1
BRDA:133,17,1,1
BRDA:142,18,0,0
BRDA:142,18,1,0
BRDA:147,19,0,0
BRDA:147,19,1,0
BRDA:165,20,0,0
BRDA:165,20,1,19
BRDA:165,21,0,19
BRDA:165,21,1,19
BRDA:172,22,0,19
BRDA:172,22,1,19
BRDA:174,23,0,0
BRDA:174,23,1,19
BRDA:182,24,0,1
BRDA:182,24,1,18
BRDA:190,25,0,18
BRDA:190,25,1,0
BRDA:199,26,0,46
BRDA:199,26,1,39
BRDA:225,27,0,53
BRDA:225,27,1,63
BRDA:228,28,0,53
BRDA:228,28,1,0
BRDA:230,29,0,53
BRDA:230,29,1,0
BRDA:232,30,0,21
BRDA:232,30,1,42
BRDA:232,31,0,63
BRDA:232,31,1,42
BRDA:259,32,0,12
BRDA:259,32,1,46
BRDA:264,33,0,12
BRDA:264,33,1,0
BRDA:266,34,0,12
BRDA:266,34,1,1
BRDA:274,35,0,9
BRDA:274,35,1,49
BRDA:274,36,0,58
BRDA:274,36,1,49
BRDA:276,37,0,9
BRDA:276,37,1,0
BRDA:283,38,0,21
BRDA:283,38,1,37
BRDA:286,39,0,21
BRDA:286,39,1,0
BRDA:289,40,0,21
BRDA:289,40,1,20
BRDA:294,41,0,11
BRDA:294,41,1,47
BRDA:298,42,0,11
BRDA:298,42,1,0
BRDA:299,43,0,11
BRDA:299,43,1,2
BRDA:306,44,0,2
BRDA:306,44,1,56
BRDA:307,45,0,2
BRDA:307,45,1,0
BRDA:319,46,0,17
BRDA:319,46,1,1
BRDA:322,47,0,0
BRDA:322,47,1,1
BRDA:323,48,0,0
BRDA:323,48,1,0
BRF:99
BRH:71
end_of_record
TN:
SF:src/server.js
FN:17,(anonymous_0)
FN:43,(anonymous_1)
FN:60,(anonymous_2)
FN:63,(anonymous_3)
FN:69,(anonymous_4)
FN:70,(anonymous_5)
FN:99,(anonymous_6)
FN:101,(anonymous_7)
FN:110,(anonymous_8)
FN:115,(anonymous_9)
FN:128,(anonymous_10)
FN:260,(anonymous_11)
FN:269,(anonymous_12)
FN:292,(anonymous_13)
FN:310,(anonymous_14)
FN:326,(anonymous_15)
FN:348,(anonymous_16)
FN:364,(anonymous_17)
FN:374,(anonymous_18)
FNF:19
FNH:4
FNDA:7,(anonymous_0)
FNDA:0,(anonymous_1)
FNDA:0,(anonymous_2)
FNDA:0,(anonymous_3)
FNDA:0,(anonymous_4)
FNDA:0,(anonymous_5)
FNDA:0,(anonymous_6)
FNDA:0,(anonymous_7)
FNDA:0,(anonymous_8)
FNDA:0,(anonymous_9)
FNDA:3,(anonymous_10)
FNDA:0,(anonymous_11)
FNDA:0,(anonymous_12)
FNDA:0,(anonymous_13)
FNDA:0,(anonymous_14)
FNDA:5,(anonymous_15)
FNDA:0,(anonymous_16)
FNDA:0,(anonymous_17)
FNDA:7,(anonymous_18)
DA:1,1
DA:2,1
DA:3,1
DA:4,1
DA:5,1
DA:6,1
DA:7,1
DA:9,1
DA:10,1
DA:11,1
DA:18,7
DA:30,7
DA:31,7
DA:32,7
DA:33,7
DA:34,7
DA:35,7
DA:45,0
DA:48,0
DA:51,0
DA:52,0
DA:60,0
DA:61,0
DA:63,0
DA:64,0
DA:69,0
DA:70,0
DA:71,0
DA:72,0
DA:73,0
DA:76,0
DA:77,0
DA:78,0
DA:79,0
DA:82,0
DA:83,0
DA:87,0
DA:88,0
DA:91,0
DA:101,0
DA:102,0
DA:103,0
DA:105,0
DA:110,0
DA:111,0
DA:115,0
DA:116,0
DA:120,0
DA:121,0
DA:129,3
DA:131,3
DA:261,0
DA:267,0
DA:269,0
DA:270,0
DA:271,0
DA:273,0
DA:274,0
DA:276,0
DA:277,0
DA:280,0
DA:281,0
DA:284,0
DA:286,0
DA:288,0
DA:292,0
DA:293,0
DA:294,0
DA:296,0
DA:298,0
DA:299,0
DA:300,0
DA:301,0
DA:304,0
DA:306,0
DA:310,0
DA:311,0
DA:312,0
DA:313,0
DA:314,0
DA:315,0
DA:318,0
DA:327,5
DA:328,5
DA:330,5
DA:337,5
DA:339,0
DA:340,0
DA:349,0
DA:350,0
DA:353,0
DA:355,0
DA:356,0
DA:358,0
DA:359,0
DA:361,0
DA:364,0
DA:365,0
DA:366,0
DA:375,7
DA:376,0
DA:377,0
DA:379,7
DA:380,0
DA:381,0
DA:386,1
LF:106
LH:26
BRDA:17,0,0,0
BRDA:71,1,0,0
BRDA:71,1,1,0
BRDA:82,2,0,0
BRDA:82,2,1,0
BRDA:87,3,0,0
BRDA:87,3,1,0
BRDA:102,4,0,0
BRDA:102,4,1,0
BRDA:111,5,0,0
BRDA:111,5,1,0
BRDA:270,6,0,0
BRDA:270,6,1,0
BRDA:280,7,0,0
BRDA:280,7,1,0
BRDA:293,8,0,0
BRDA:293,8,1,0
BRDA:300,9,0,0
BRDA:300,9,1,0
BRDA:314,10,0,0
BRDA:314,10,1,0
BRDA:334,11,0,5
BRDA:334,11,1,5
BRDA:353,12,0,0
BRDA:353,12,1,0
BRDA:353,12,2,0
BRDA:365,13,0,0
BRDA:365,13,1,0
BRDA:375,14,0,0
BRDA:375,14,1,7
BRDA:379,15,0,0
BRDA:379,15,1,7
BRF:32
BRH:4
end_of_record
TN:
SF:src/validator.js
FN:11,validateAnnotations
FN:32,validateRoute
FN:78,(anonymous_2)
FN:162,extractPathParams
FNF:4
FNH:4
FNDA:2,validateAnnotations
FNDA:22,validateRoute
FNDA:1,(anonymous_2)
FNDA:21,extractPathParams
DA:12,2
DA:18,2
DA:19,2
DA:22,2
DA:23,2
DA:33,22
DA:36,22
DA:37,1
DA:42,1
DA:46,21
DA:47,21
DA:48,1
DA:56,21
DA:57,1
DA:65,21
DA:66,0
DA:74,21
DA:77,21
DA:78,2
DA:79,2
DA:80,1
DA:89,21
DA:90,2
DA:91,1
DA:98,2
DA:99,0
DA:108,21
DA:109,2
DA:117,21
DA:118,19
DA:119,0
DA:126,19
DA:127,0
DA:136,21
DA:137,1
DA:145,21
DA:146,6
DA:147,6
DA:148,1
DA:163,21
DA:164,21
DA:166,21
DA:167,2
DA:169,21
DA:172,1
LF:45
LH:41
BRDA:11,0,0,2
BRDA:36,1,0,1
BRDA:36,1,1,21
BRDA:47,2,0,1
BRDA:47,2,1,20
BRDA:47,3,0,21
BRDA:47,3,1,21
BRDA:56,4,0,1
BRDA:56,4,1,20
BRDA:56,5,0,21
BRDA:56,5,1,21
BRDA:65,6,0,0
BRDA:65,6,1,21
BRDA:79,7,0,1
BRDA:79,7,1,1
BRDA:90,8,0,1
BRDA:90,8,1,1
BRDA:98,9,0,0
BRDA:98,9,1,2
BRDA:98,10,0,2
BRDA:98,10,1,0
BRDA:108,11,0,2
BRDA:108,11,1,19
BRDA:118,12,0,0
BRDA:118,12,1,19
BRDA:118,13,0,19
BRDA:118,13,1,19
BRDA:118,13,2,19
BRDA:126,14,0,0
BRDA:126,14,1,19
BRDA:136,15,0,1
BRDA:136,15,1,20
BRDA:136,16,0,21
BRDA:136,16,1,21
BRDA:145,17,0,6
BRDA:145,17,1,15
BRDA:147,18,0,1
BRDA:147,18,1,5
BRF:38
BRH:33
end_of_record
